{"/Users/thanpolas/Projects/defi/degenking/src/configure.js": {"path":"/Users/thanpolas/Projects/defi/degenking/src/configure.js","statementMap":{"0":{"start":{"line":5,"column":19},"end":{"line":5,"column":36}},"1":{"start":{"line":6,"column":15},"end":{"line":6,"column":32}},"2":{"start":{"line":7,"column":24},"end":{"line":7,"column":62}},"3":{"start":{"line":12,"column":0},"end":{"line":51,"column":2}},"4":{"start":{"line":18,"column":4},"end":{"line":22,"column":5}},"5":{"start":{"line":19,"column":6},"end":{"line":21,"column":8}},"6":{"start":{"line":24,"column":21},"end":{"line":26,"column":5}},"7":{"start":{"line":28,"column":4},"end":{"line":32,"column":6}},"8":{"start":{"line":35,"column":4},"end":{"line":39,"column":5}},"9":{"start":{"line":36,"column":6},"end":{"line":38,"column":8}},"10":{"start":{"line":41,"column":21},"end":{"line":43,"column":5}},"11":{"start":{"line":45,"column":4},"end":{"line":49,"column":6}},"12":{"start":{"line":59,"column":0},"end":{"line":61,"column":2}},"13":{"start":{"line":60,"column":2},"end":{"line":60,"column":30}},"14":{"start":{"line":69,"column":0},"end":{"line":76,"column":2}},"15":{"start":{"line":70,"column":2},"end":{"line":73,"column":3}},"16":{"start":{"line":71,"column":4},"end":{"line":71,"column":39}},"17":{"start":{"line":72,"column":4},"end":{"line":72,"column":11}},"18":{"start":{"line":75,"column":2},"end":{"line":75,"column":36}}},"fnMap":{"0":{"name":"(anonymous_0)","decl":{"start":{"line":17,"column":15},"end":{"line":17,"column":16}},"loc":{"start":{"line":17,"column":28},"end":{"line":33,"column":3}},"line":17},"1":{"name":"(anonymous_1)","decl":{"start":{"line":34,"column":23},"end":{"line":34,"column":24}},"loc":{"start":{"line":34,"column":36},"end":{"line":50,"column":3}},"line":34},"2":{"name":"(anonymous_2)","decl":{"start":{"line":59,"column":14},"end":{"line":59,"column":15}},"loc":{"start":{"line":59,"column":23},"end":{"line":61,"column":1}},"line":59},"3":{"name":"(anonymous_3)","decl":{"start":{"line":69,"column":14},"end":{"line":69,"column":15}},"loc":{"start":{"line":69,"column":36},"end":{"line":76,"column":1}},"line":69}},"branchMap":{"0":{"loc":{"start":{"line":18,"column":4},"end":{"line":22,"column":5}},"type":"if","locations":[{"start":{"line":18,"column":4},"end":{"line":22,"column":5}},{"start":{},"end":{}}],"line":18},"1":{"loc":{"start":{"line":35,"column":4},"end":{"line":39,"column":5}},"type":"if","locations":[{"start":{"line":35,"column":4},"end":{"line":39,"column":5}},{"start":{},"end":{}}],"line":35},"2":{"loc":{"start":{"line":70,"column":2},"end":{"line":73,"column":3}},"type":"if","locations":[{"start":{"line":70,"column":2},"end":{"line":73,"column":3}},{"start":{},"end":{}}],"line":70}},"s":{"0":13,"1":13,"2":13,"3":13,"4":18,"5":6,"6":12,"7":12,"8":0,"9":0,"10":0,"11":0,"12":13,"13":23,"14":13,"15":0,"16":0,"17":0,"18":0},"f":{"0":18,"1":0,"2":23,"3":0},"b":{"0":[6,12],"1":[0,0],"2":[0,0]},"_coverageSchema":"1a1c01bbd47fc00a2c39e90264f33305004495a9","hash":"12bcb914790bd39954bf923b00b617f330ad3eae"}
,"/Users/thanpolas/Projects/defi/degenking/src/index.js": {"path":"/Users/thanpolas/Projects/defi/degenking/src/index.js","statementMap":{"0":{"start":{"line":15,"column":24},"end":{"line":15,"column":54}},"1":{"start":{"line":17,"column":19},"end":{"line":17,"column":49}},"2":{"start":{"line":19,"column":18},"end":{"line":21,"column":1}},"3":{"start":{"line":22,"column":0},"end":{"line":22,"column":27}},"4":{"start":{"line":34,"column":4},"end":{"line":34,"column":57}},"5":{"start":{"line":40,"column":4},"end":{"line":40,"column":50}},"6":{"start":{"line":45,"column":4},"end":{"line":45,"column":46}},"7":{"start":{"line":49,"column":4},"end":{"line":49,"column":44}},"8":{"start":{"line":54,"column":4},"end":{"line":54,"column":51}},"9":{"start":{"line":66,"column":4},"end":{"line":66,"column":50}},"10":{"start":{"line":70,"column":4},"end":{"line":70,"column":48}},"11":{"start":{"line":72,"column":26},"end":{"line":72,"column":68}},"12":{"start":{"line":73,"column":30},"end":{"line":73,"column":76}},"13":{"start":{"line":76,"column":4},"end":{"line":76,"column":48}},"14":{"start":{"line":79,"column":4},"end":{"line":79,"column":58}},"15":{"start":{"line":81,"column":23},"end":{"line":81,"column":67}},"16":{"start":{"line":86,"column":4},"end":{"line":86,"column":47}},"17":{"start":{"line":94,"column":4},"end":{"line":94,"column":39}},"18":{"start":{"line":104,"column":4},"end":{"line":104,"column":48}},"19":{"start":{"line":111,"column":4},"end":{"line":111,"column":38}},"20":{"start":{"line":115,"column":4},"end":{"line":115,"column":53}},"21":{"start":{"line":117,"column":43},"end":{"line":117,"column":75}},"22":{"start":{"line":119,"column":27},"end":{"line":119,"column":49}},"23":{"start":{"line":123,"column":4},"end":{"line":123,"column":54}},"24":{"start":{"line":128,"column":4},"end":{"line":128,"column":39}},"25":{"start":{"line":129,"column":35},"end":{"line":129,"column":53}},"26":{"start":{"line":130,"column":24},"end":{"line":130,"column":56}},"27":{"start":{"line":132,"column":0},"end":{"line":132,"column":40}},"28":{"start":{"line":133,"column":0},"end":{"line":133,"column":46}},"29":{"start":{"line":134,"column":0},"end":{"line":135,"column":39}},"30":{"start":{"line":136,"column":0},"end":{"line":136,"column":58}},"31":{"start":{"line":137,"column":0},"end":{"line":137,"column":60}},"32":{"start":{"line":138,"column":0},"end":{"line":138,"column":36}},"33":{"start":{"line":139,"column":0},"end":{"line":139,"column":48}},"34":{"start":{"line":140,"column":0},"end":{"line":140,"column":58}},"35":{"start":{"line":141,"column":0},"end":{"line":141,"column":74}},"36":{"start":{"line":142,"column":0},"end":{"line":142,"column":76}},"37":{"start":{"line":143,"column":0},"end":{"line":143,"column":27}},"38":{"start":{"line":146,"column":0},"end":{"line":146,"column":34}},"39":{"start":{"line":149,"column":0},"end":{"line":149,"column":36}},"40":{"start":{"line":150,"column":0},"end":{"line":150,"column":48}},"41":{"start":{"line":151,"column":0},"end":{"line":151,"column":46}},"42":{"start":{"line":152,"column":0},"end":{"line":152,"column":44}},"43":{"start":{"line":153,"column":0},"end":{"line":153,"column":62}},"44":{"start":{"line":154,"column":0},"end":{"line":154,"column":50}},"45":{"start":{"line":155,"column":0},"end":{"line":155,"column":64}},"46":{"start":{"line":156,"column":0},"end":{"line":156,"column":74}},"47":{"start":{"line":157,"column":0},"end":{"line":157,"column":32}},"48":{"start":{"line":158,"column":0},"end":{"line":158,"column":50}},"49":{"start":{"line":161,"column":0},"end":{"line":161,"column":42}},"50":{"start":{"line":162,"column":0},"end":{"line":162,"column":46}},"51":{"start":{"line":164,"column":0},"end":{"line":164,"column":75}},"52":{"start":{"line":165,"column":0},"end":{"line":165,"column":69}},"53":{"start":{"line":166,"column":0},"end":{"line":166,"column":55}},"54":{"start":{"line":167,"column":0},"end":{"line":167,"column":59}},"55":{"start":{"line":168,"column":0},"end":{"line":168,"column":63}},"56":{"start":{"line":169,"column":0},"end":{"line":169,"column":58}},"57":{"start":{"line":170,"column":0},"end":{"line":170,"column":51}},"58":{"start":{"line":171,"column":0},"end":{"line":171,"column":57}},"59":{"start":{"line":172,"column":0},"end":{"line":172,"column":51}},"60":{"start":{"line":173,"column":0},"end":{"line":173,"column":53}},"61":{"start":{"line":174,"column":0},"end":{"line":174,"column":65}},"62":{"start":{"line":176,"column":0},"end":{"line":176,"column":36}},"63":{"start":{"line":177,"column":0},"end":{"line":177,"column":28}},"64":{"start":{"line":178,"column":0},"end":{"line":178,"column":44}},"65":{"start":{"line":179,"column":0},"end":{"line":179,"column":44}},"66":{"start":{"line":180,"column":0},"end":{"line":180,"column":40}},"67":{"start":{"line":181,"column":0},"end":{"line":181,"column":44}},"68":{"start":{"line":182,"column":0},"end":{"line":182,"column":34}},"69":{"start":{"line":185,"column":0},"end":{"line":185,"column":50}},"70":{"start":{"line":186,"column":0},"end":{"line":186,"column":66}},"71":{"start":{"line":189,"column":0},"end":{"line":189,"column":68}},"72":{"start":{"line":190,"column":0},"end":{"line":190,"column":70}},"73":{"start":{"line":192,"column":0},"end":{"line":192,"column":70}},"74":{"start":{"line":194,"column":0},"end":{"line":194,"column":38}},"75":{"start":{"line":195,"column":0},"end":{"line":195,"column":46}},"76":{"start":{"line":196,"column":0},"end":{"line":196,"column":68}},"77":{"start":{"line":198,"column":0},"end":{"line":198,"column":39}},"78":{"start":{"line":199,"column":0},"end":{"line":199,"column":48}},"79":{"start":{"line":201,"column":0},"end":{"line":201,"column":36}},"80":{"start":{"line":202,"column":0},"end":{"line":202,"column":32}},"81":{"start":{"line":203,"column":0},"end":{"line":203,"column":42}},"82":{"start":{"line":205,"column":0},"end":{"line":205,"column":40}},"83":{"start":{"line":206,"column":0},"end":{"line":206,"column":48}},"84":{"start":{"line":207,"column":0},"end":{"line":207,"column":58}},"85":{"start":{"line":208,"column":0},"end":{"line":208,"column":34}},"86":{"start":{"line":209,"column":0},"end":{"line":209,"column":34}},"87":{"start":{"line":210,"column":0},"end":{"line":210,"column":34}},"88":{"start":{"line":211,"column":0},"end":{"line":211,"column":44}},"89":{"start":{"line":213,"column":0},"end":{"line":213,"column":40}},"90":{"start":{"line":214,"column":0},"end":{"line":214,"column":36}},"91":{"start":{"line":216,"column":0},"end":{"line":216,"column":42}},"92":{"start":{"line":217,"column":0},"end":{"line":217,"column":38}},"93":{"start":{"line":219,"column":0},"end":{"line":219,"column":62}},"94":{"start":{"line":222,"column":0},"end":{"line":222,"column":34}},"95":{"start":{"line":225,"column":0},"end":{"line":225,"column":32}},"96":{"start":{"line":226,"column":0},"end":{"line":226,"column":40}},"97":{"start":{"line":227,"column":0},"end":{"line":227,"column":38}},"98":{"start":{"line":228,"column":0},"end":{"line":228,"column":42}},"99":{"start":{"line":231,"column":0},"end":{"line":231,"column":51}},"100":{"start":{"line":232,"column":0},"end":{"line":232,"column":65}},"101":{"start":{"line":233,"column":0},"end":{"line":233,"column":65}},"102":{"start":{"line":234,"column":0},"end":{"line":234,"column":69}},"103":{"start":{"line":235,"column":0},"end":{"line":235,"column":69}},"104":{"start":{"line":236,"column":0},"end":{"line":236,"column":65}},"105":{"start":{"line":238,"column":0},"end":{"line":238,"column":60}},"106":{"start":{"line":239,"column":0},"end":{"line":239,"column":65}},"107":{"start":{"line":240,"column":0},"end":{"line":240,"column":65}},"108":{"start":{"line":241,"column":0},"end":{"line":241,"column":65}},"109":{"start":{"line":242,"column":0},"end":{"line":242,"column":77}},"110":{"start":{"line":243,"column":0},"end":{"line":243,"column":66}},"111":{"start":{"line":244,"column":0},"end":{"line":244,"column":66}},"112":{"start":{"line":245,"column":0},"end":{"line":245,"column":61}},"113":{"start":{"line":246,"column":0},"end":{"line":246,"column":64}},"114":{"start":{"line":248,"column":0},"end":{"line":248,"column":58}},"115":{"start":{"line":249,"column":0},"end":{"line":249,"column":58}},"116":{"start":{"line":250,"column":0},"end":{"line":250,"column":58}},"117":{"start":{"line":251,"column":0},"end":{"line":251,"column":59}},"118":{"start":{"line":252,"column":0},"end":{"line":252,"column":58}},"119":{"start":{"line":253,"column":0},"end":{"line":253,"column":58}},"120":{"start":{"line":254,"column":0},"end":{"line":254,"column":77}},"121":{"start":{"line":255,"column":0},"end":{"line":255,"column":54}}},"fnMap":{},"branchMap":{},"s":{"0":13,"1":13,"2":13,"3":13,"4":13,"5":13,"6":13,"7":13,"8":13,"9":13,"10":13,"11":13,"12":13,"13":13,"14":13,"15":13,"16":13,"17":13,"18":13,"19":13,"20":13,"21":13,"22":13,"23":13,"24":13,"25":13,"26":13,"27":13,"28":13,"29":13,"30":13,"31":13,"32":13,"33":13,"34":13,"35":13,"36":13,"37":13,"38":13,"39":13,"40":13,"41":13,"42":13,"43":13,"44":13,"45":13,"46":13,"47":13,"48":13,"49":13,"50":13,"51":13,"52":13,"53":13,"54":13,"55":13,"56":13,"57":13,"58":13,"59":13,"60":13,"61":13,"62":13,"63":13,"64":13,"65":13,"66":13,"67":13,"68":13,"69":13,"70":13,"71":13,"72":13,"73":13,"74":13,"75":13,"76":13,"77":13,"78":13,"79":13,"80":13,"81":13,"82":13,"83":13,"84":13,"85":13,"86":13,"87":13,"88":13,"89":13,"90":13,"91":13,"92":13,"93":13,"94":13,"95":13,"96":13,"97":13,"98":13,"99":13,"100":13,"101":13,"102":13,"103":13,"104":13,"105":13,"106":13,"107":13,"108":13,"109":13,"110":13,"111":13,"112":13,"113":13,"114":13,"115":13,"116":13,"117":13,"118":13,"119":13,"120":13,"121":13},"f":{},"b":{},"_coverageSchema":"1a1c01bbd47fc00a2c39e90264f33305004495a9","hash":"0f124956378ac1691c2dadab20a186915109a1ba"}
,"/Users/thanpolas/Projects/defi/degenking/src/auctions/assisting-auctions.ent.js": {"path":"/Users/thanpolas/Projects/defi/degenking/src/auctions/assisting-auctions.ent.js","statementMap":{"0":{"start":{"line":5,"column":21},"end":{"line":5,"column":56}},"1":{"start":{"line":8,"column":4},"end":{"line":8,"column":56}},"2":{"start":{"line":9,"column":29},"end":{"line":9,"column":75}},"3":{"start":{"line":11,"column":0},"end":{"line":11,"column":27}},"4":{"start":{"line":19,"column":0},"end":{"line":26,"column":2}},"5":{"start":{"line":20,"column":17},"end":{"line":20,"column":21}},"6":{"start":{"line":21,"column":2},"end":{"line":23,"column":3}},"7":{"start":{"line":22,"column":4},"end":{"line":22,"column":51}},"8":{"start":{"line":25,"column":2},"end":{"line":25,"column":40}},"9":{"start":{"line":35,"column":0},"end":{"line":72,"column":2}},"10":{"start":{"line":37,"column":21},"end":{"line":37,"column":25}},"11":{"start":{"line":39,"column":2},"end":{"line":45,"column":3}},"12":{"start":{"line":40,"column":4},"end":{"line":44,"column":5}},"13":{"start":{"line":41,"column":6},"end":{"line":41,"column":78}},"14":{"start":{"line":43,"column":6},"end":{"line":43,"column":60}},"15":{"start":{"line":46,"column":2},"end":{"line":48,"column":3}},"16":{"start":{"line":47,"column":4},"end":{"line":47,"column":56}},"17":{"start":{"line":50,"column":2},"end":{"line":56,"column":3}},"18":{"start":{"line":51,"column":4},"end":{"line":55,"column":5}},"19":{"start":{"line":52,"column":6},"end":{"line":52,"column":75}},"20":{"start":{"line":54,"column":6},"end":{"line":54,"column":60}},"21":{"start":{"line":58,"column":2},"end":{"line":64,"column":3}},"22":{"start":{"line":59,"column":4},"end":{"line":63,"column":5}},"23":{"start":{"line":60,"column":6},"end":{"line":60,"column":80}},"24":{"start":{"line":62,"column":6},"end":{"line":62,"column":62}},"25":{"start":{"line":66,"column":2},"end":{"line":68,"column":3}},"26":{"start":{"line":67,"column":4},"end":{"line":67,"column":76}},"27":{"start":{"line":70,"column":19},"end":{"line":70,"column":39}},"28":{"start":{"line":71,"column":2},"end":{"line":71,"column":18}},"29":{"start":{"line":84,"column":0},"end":{"line":107,"column":2}},"30":{"start":{"line":90,"column":14},"end":{"line":93,"column":4}},"31":{"start":{"line":95,"column":21},"end":{"line":95,"column":29}},"32":{"start":{"line":97,"column":20},"end":{"line":97,"column":48}},"33":{"start":{"line":99,"column":2},"end":{"line":103,"column":3}},"34":{"start":{"line":100,"column":4},"end":{"line":102,"column":7}},"35":{"start":{"line":101,"column":6},"end":{"line":101,"column":39}},"36":{"start":{"line":105,"column":19},"end":{"line":105,"column":45}},"37":{"start":{"line":106,"column":2},"end":{"line":106,"column":68}}},"fnMap":{"0":{"name":"(anonymous_0)","decl":{"start":{"line":19,"column":39},"end":{"line":19,"column":40}},"loc":{"start":{"line":19,"column":62},"end":{"line":26,"column":1}},"line":19},"1":{"name":"(anonymous_1)","decl":{"start":{"line":35,"column":25},"end":{"line":35,"column":26}},"loc":{"start":{"line":35,"column":39},"end":{"line":72,"column":1}},"line":35},"2":{"name":"(anonymous_2)","decl":{"start":{"line":84,"column":23},"end":{"line":84,"column":24}},"loc":{"start":{"line":89,"column":5},"end":{"line":107,"column":1}},"line":89},"3":{"name":"(anonymous_3)","decl":{"start":{"line":100,"column":25},"end":{"line":100,"column":26}},"loc":{"start":{"line":100,"column":38},"end":{"line":102,"column":5}},"line":100}},"branchMap":{"0":{"loc":{"start":{"line":21,"column":2},"end":{"line":23,"column":3}},"type":"if","locations":[{"start":{"line":21,"column":2},"end":{"line":23,"column":3}},{"start":{},"end":{}}],"line":21},"1":{"loc":{"start":{"line":39,"column":2},"end":{"line":45,"column":3}},"type":"if","locations":[{"start":{"line":39,"column":2},"end":{"line":45,"column":3}},{"start":{},"end":{}}],"line":39},"2":{"loc":{"start":{"line":40,"column":4},"end":{"line":44,"column":5}},"type":"if","locations":[{"start":{"line":40,"column":4},"end":{"line":44,"column":5}},{"start":{"line":42,"column":11},"end":{"line":44,"column":5}}],"line":40},"3":{"loc":{"start":{"line":46,"column":2},"end":{"line":48,"column":3}},"type":"if","locations":[{"start":{"line":46,"column":2},"end":{"line":48,"column":3}},{"start":{},"end":{}}],"line":46},"4":{"loc":{"start":{"line":50,"column":2},"end":{"line":56,"column":3}},"type":"if","locations":[{"start":{"line":50,"column":2},"end":{"line":56,"column":3}},{"start":{},"end":{}}],"line":50},"5":{"loc":{"start":{"line":51,"column":4},"end":{"line":55,"column":5}},"type":"if","locations":[{"start":{"line":51,"column":4},"end":{"line":55,"column":5}},{"start":{"line":53,"column":11},"end":{"line":55,"column":5}}],"line":51},"6":{"loc":{"start":{"line":58,"column":2},"end":{"line":64,"column":3}},"type":"if","locations":[{"start":{"line":58,"column":2},"end":{"line":64,"column":3}},{"start":{},"end":{}}],"line":58},"7":{"loc":{"start":{"line":59,"column":4},"end":{"line":63,"column":5}},"type":"if","locations":[{"start":{"line":59,"column":4},"end":{"line":63,"column":5}},{"start":{"line":61,"column":11},"end":{"line":63,"column":5}}],"line":59},"8":{"loc":{"start":{"line":66,"column":2},"end":{"line":68,"column":3}},"type":"if","locations":[{"start":{"line":66,"column":2},"end":{"line":68,"column":3}},{"start":{},"end":{}}],"line":66},"9":{"loc":{"start":{"line":86,"column":2},"end":{"line":86,"column":29}},"type":"default-arg","locations":[{"start":{"line":86,"column":10},"end":{"line":86,"column":29}}],"line":86},"10":{"loc":{"start":{"line":87,"column":2},"end":{"line":87,"column":10}},"type":"default-arg","locations":[{"start":{"line":87,"column":9},"end":{"line":87,"column":10}}],"line":87},"11":{"loc":{"start":{"line":88,"column":2},"end":{"line":88,"column":20}},"type":"default-arg","locations":[{"start":{"line":88,"column":18},"end":{"line":88,"column":20}}],"line":88},"12":{"loc":{"start":{"line":99,"column":2},"end":{"line":103,"column":3}},"type":"if","locations":[{"start":{"line":99,"column":2},"end":{"line":103,"column":3}},{"start":{},"end":{}}],"line":99}},"s":{"0":13,"1":13,"2":13,"3":13,"4":13,"5":0,"6":0,"7":0,"8":0,"9":13,"10":0,"11":0,"12":0,"13":0,"14":0,"15":0,"16":0,"17":0,"18":0,"19":0,"20":0,"21":0,"22":0,"23":0,"24":0,"25":0,"26":0,"27":0,"28":0,"29":13,"30":0,"31":0,"32":0,"33":0,"34":0,"35":0,"36":0,"37":0},"f":{"0":0,"1":0,"2":0,"3":0},"b":{"0":[0,0],"1":[0,0],"2":[0,0],"3":[0,0],"4":[0,0],"5":[0,0],"6":[0,0],"7":[0,0],"8":[0,0],"9":[0],"10":[0],"11":[0],"12":[0,0]},"_coverageSchema":"1a1c01bbd47fc00a2c39e90264f33305004495a9","hash":"aa2193694fb2d6bb542ccd76725f7c88374b07b6"}
,"/Users/thanpolas/Projects/defi/degenking/src/auctions/query-auctions.ent.js": {"path":"/Users/thanpolas/Projects/defi/degenking/src/auctions/query-auctions.ent.js","statementMap":{"0":{"start":{"line":5,"column":32},"end":{"line":5,"column":62}},"1":{"start":{"line":7,"column":49},"end":{"line":7,"column":68}},"2":{"start":{"line":8,"column":21},"end":{"line":8,"column":56}},"3":{"start":{"line":11,"column":4},"end":{"line":11,"column":51}},"4":{"start":{"line":12,"column":27},"end":{"line":12,"column":50}},"5":{"start":{"line":13,"column":24},"end":{"line":13,"column":63}},"6":{"start":{"line":15,"column":12},"end":{"line":15,"column":49}},"7":{"start":{"line":24,"column":0},"end":{"line":58,"column":2}},"8":{"start":{"line":25,"column":2},"end":{"line":57,"column":3}},"9":{"start":{"line":26,"column":23},"end":{"line":26,"column":49}},"10":{"start":{"line":27,"column":31},"end":{"line":27,"column":41}},"11":{"start":{"line":28,"column":26},"end":{"line":28,"column":61}},"12":{"start":{"line":30,"column":24},"end":{"line":30,"column":26}},"13":{"start":{"line":32,"column":4},"end":{"line":34,"column":5}},"14":{"start":{"line":33,"column":6},"end":{"line":33,"column":44}},"15":{"start":{"line":36,"column":24},"end":{"line":36,"column":75}},"16":{"start":{"line":37,"column":4},"end":{"line":45,"column":6}},"17":{"start":{"line":48,"column":4},"end":{"line":56,"column":6}},"18":{"start":{"line":69,"column":0},"end":{"line":125,"column":2}},"19":{"start":{"line":74,"column":2},"end":{"line":124,"column":3}},"20":{"start":{"line":75,"column":16},"end":{"line":75,"column":69}},"21":{"start":{"line":77,"column":4},"end":{"line":87,"column":5}},"22":{"start":{"line":78,"column":6},"end":{"line":85,"column":7}},"23":{"start":{"line":79,"column":8},"end":{"line":79,"column":23}},"24":{"start":{"line":80,"column":8},"end":{"line":84,"column":10}},"25":{"start":{"line":86,"column":6},"end":{"line":86,"column":13}},"26":{"start":{"line":89,"column":26},"end":{"line":89,"column":47}},"27":{"start":{"line":91,"column":28},"end":{"line":105,"column":5}},"28":{"start":{"line":107,"column":4},"end":{"line":107,"column":27}},"29":{"start":{"line":109,"column":4},"end":{"line":109,"column":17}},"30":{"start":{"line":112,"column":6},"end":{"line":114,"column":31}},"31":{"start":{"line":116,"column":4},"end":{"line":119,"column":5}},"32":{"start":{"line":117,"column":6},"end":{"line":117,"column":65}},"33":{"start":{"line":118,"column":6},"end":{"line":118,"column":15}},"34":{"start":{"line":121,"column":4},"end":{"line":121,"column":25}},"35":{"start":{"line":123,"column":4},"end":{"line":123,"column":78}}},"fnMap":{"0":{"name":"(anonymous_0)","decl":{"start":{"line":24,"column":39},"end":{"line":24,"column":40}},"loc":{"start":{"line":24,"column":66},"end":{"line":58,"column":1}},"line":24},"1":{"name":"(anonymous_1)","decl":{"start":{"line":69,"column":40},"end":{"line":69,"column":41}},"loc":{"start":{"line":73,"column":5},"end":{"line":125,"column":1}},"line":73}},"branchMap":{"0":{"loc":{"start":{"line":32,"column":4},"end":{"line":34,"column":5}},"type":"if","locations":[{"start":{"line":32,"column":4},"end":{"line":34,"column":5}},{"start":{},"end":{}}],"line":32},"1":{"loc":{"start":{"line":71,"column":2},"end":{"line":71,"column":17}},"type":"default-arg","locations":[{"start":{"line":71,"column":12},"end":{"line":71,"column":17}}],"line":71},"2":{"loc":{"start":{"line":72,"column":2},"end":{"line":72,"column":13}},"type":"default-arg","locations":[{"start":{"line":72,"column":12},"end":{"line":72,"column":13}}],"line":72},"3":{"loc":{"start":{"line":77,"column":4},"end":{"line":87,"column":5}},"type":"if","locations":[{"start":{"line":77,"column":4},"end":{"line":87,"column":5}},{"start":{},"end":{}}],"line":77},"4":{"loc":{"start":{"line":78,"column":6},"end":{"line":85,"column":7}},"type":"if","locations":[{"start":{"line":78,"column":6},"end":{"line":85,"column":7}},{"start":{},"end":{}}],"line":78},"5":{"loc":{"start":{"line":101,"column":20},"end":{"line":101,"column":68}},"type":"binary-expr","locations":[{"start":{"line":101,"column":20},"end":{"line":101,"column":60}},{"start":{"line":101,"column":64},"end":{"line":101,"column":68}}],"line":101},"6":{"loc":{"start":{"line":102,"column":17},"end":{"line":102,"column":49}},"type":"binary-expr","locations":[{"start":{"line":102,"column":17},"end":{"line":102,"column":41}},{"start":{"line":102,"column":45},"end":{"line":102,"column":49}}],"line":102},"7":{"loc":{"start":{"line":116,"column":4},"end":{"line":119,"column":5}},"type":"if","locations":[{"start":{"line":116,"column":4},"end":{"line":119,"column":5}},{"start":{},"end":{}}],"line":116}},"s":{"0":13,"1":13,"2":13,"3":13,"4":13,"5":13,"6":13,"7":13,"8":2,"9":2,"10":2,"11":2,"12":2,"13":2,"14":2,"15":2,"16":0,"17":2,"18":13,"19":3,"20":3,"21":3,"22":0,"23":0,"24":0,"25":0,"26":3,"27":3,"28":3,"29":0,"30":0,"31":0,"32":0,"33":0,"34":0,"35":0},"f":{"0":2,"1":3},"b":{"0":[2,0],"1":[3],"2":[3],"3":[0,3],"4":[0,0],"5":[3,1],"6":[3,1],"7":[0,0]},"_coverageSchema":"1a1c01bbd47fc00a2c39e90264f33305004495a9","hash":"327b04a9517967b4a7d59175a3a187be0b6da77f"}
,"/Users/thanpolas/Projects/defi/degenking/src/constants/addresses-dfkn.const.js": {"path":"/Users/thanpolas/Projects/defi/degenking/src/constants/addresses-dfkn.const.js","statementMap":{"0":{"start":{"line":5,"column":38},"end":{"line":5,"column":66}},"1":{"start":{"line":6,"column":20},"end":{"line":6,"column":51}},"2":{"start":{"line":8,"column":0},"end":{"line":8,"column":30}},"3":{"start":{"line":9,"column":0},"end":{"line":9,"column":29}},"4":{"start":{"line":10,"column":0},"end":{"line":10,"column":71}},"5":{"start":{"line":12,"column":0},"end":{"line":12,"column":67}},"6":{"start":{"line":13,"column":0},"end":{"line":13,"column":69}},"7":{"start":{"line":14,"column":0},"end":{"line":14,"column":43}},"8":{"start":{"line":15,"column":0},"end":{"line":15,"column":68}},"9":{"start":{"line":16,"column":0},"end":{"line":16,"column":70}},"10":{"start":{"line":18,"column":0},"end":{"line":18,"column":38}},"11":{"start":{"line":19,"column":0},"end":{"line":19,"column":20}},"12":{"start":{"line":20,"column":0},"end":{"line":20,"column":21}},"13":{"start":{"line":21,"column":0},"end":{"line":21,"column":69}},"14":{"start":{"line":23,"column":0},"end":{"line":23,"column":69}},"15":{"start":{"line":25,"column":0},"end":{"line":25,"column":69}},"16":{"start":{"line":27,"column":0},"end":{"line":27,"column":66}},"17":{"start":{"line":29,"column":0},"end":{"line":29,"column":62}},"18":{"start":{"line":30,"column":0},"end":{"line":30,"column":67}},"19":{"start":{"line":31,"column":0},"end":{"line":31,"column":69}},"20":{"start":{"line":32,"column":0},"end":{"line":32,"column":79}},"21":{"start":{"line":33,"column":0},"end":{"line":33,"column":64}},"22":{"start":{"line":34,"column":0},"end":{"line":34,"column":61}},"23":{"start":{"line":35,"column":0},"end":{"line":35,"column":66}},"24":{"start":{"line":36,"column":0},"end":{"line":36,"column":65}},"25":{"start":{"line":38,"column":0},"end":{"line":38,"column":69}},"26":{"start":{"line":39,"column":0},"end":{"line":39,"column":68}},"27":{"start":{"line":40,"column":0},"end":{"line":40,"column":63}},"28":{"start":{"line":47,"column":0},"end":{"line":47,"column":69}},"29":{"start":{"line":48,"column":0},"end":{"line":48,"column":69}},"30":{"start":{"line":51,"column":0},"end":{"line":51,"column":42}},"31":{"start":{"line":52,"column":0},"end":{"line":52,"column":76}},"32":{"start":{"line":53,"column":0},"end":{"line":53,"column":77}},"33":{"start":{"line":54,"column":0},"end":{"line":54,"column":73}},"34":{"start":{"line":55,"column":0},"end":{"line":55,"column":72}},"35":{"start":{"line":56,"column":0},"end":{"line":56,"column":35}},"36":{"start":{"line":61,"column":0},"end":{"line":61,"column":73}},"37":{"start":{"line":62,"column":0},"end":{"line":62,"column":73}},"38":{"start":{"line":63,"column":0},"end":{"line":63,"column":73}},"39":{"start":{"line":64,"column":0},"end":{"line":64,"column":73}},"40":{"start":{"line":65,"column":0},"end":{"line":65,"column":73}},"41":{"start":{"line":66,"column":0},"end":{"line":66,"column":73}},"42":{"start":{"line":67,"column":0},"end":{"line":67,"column":73}},"43":{"start":{"line":68,"column":0},"end":{"line":68,"column":73}},"44":{"start":{"line":71,"column":0},"end":{"line":80,"column":2}},"45":{"start":{"line":83,"column":0},"end":{"line":92,"column":2}},"46":{"start":{"line":94,"column":0},"end":{"line":109,"column":2}},"47":{"start":{"line":112,"column":0},"end":{"line":126,"column":2}},"48":{"start":{"line":129,"column":0},"end":{"line":139,"column":2}},"49":{"start":{"line":145,"column":0},"end":{"line":156,"column":2}},"50":{"start":{"line":146,"column":2},"end":{"line":155,"column":5}},"51":{"start":{"line":148,"column":4},"end":{"line":148,"column":61}},"52":{"start":{"line":151,"column":4},"end":{"line":151,"column":52}},"53":{"start":{"line":154,"column":4},"end":{"line":154,"column":76}},"54":{"start":{"line":157,"column":0},"end":{"line":157,"column":40}},"55":{"start":{"line":163,"column":0},"end":{"line":163,"column":74}},"56":{"start":{"line":166,"column":0},"end":{"line":166,"column":78}},"57":{"start":{"line":167,"column":0},"end":{"line":168,"column":47}},"58":{"start":{"line":169,"column":0},"end":{"line":169,"column":76}},"59":{"start":{"line":170,"column":0},"end":{"line":171,"column":47}},"60":{"start":{"line":172,"column":0},"end":{"line":172,"column":79}},"61":{"start":{"line":173,"column":0},"end":{"line":174,"column":47}},"62":{"start":{"line":175,"column":0},"end":{"line":176,"column":47}},"63":{"start":{"line":177,"column":0},"end":{"line":178,"column":47}},"64":{"start":{"line":179,"column":0},"end":{"line":180,"column":47}},"65":{"start":{"line":181,"column":0},"end":{"line":182,"column":47}},"66":{"start":{"line":184,"column":0},"end":{"line":197,"column":2}}},"fnMap":{"0":{"name":"(anonymous_0)","decl":{"start":{"line":145,"column":40},"end":{"line":145,"column":41}},"loc":{"start":{"line":145,"column":46},"end":{"line":156,"column":1}},"line":145},"1":{"name":"(anonymous_1)","decl":{"start":{"line":146,"column":28},"end":{"line":146,"column":29}},"loc":{"start":{"line":146,"column":38},"end":{"line":155,"column":3}},"line":146}},"branchMap":{},"s":{"0":13,"1":13,"2":13,"3":13,"4":13,"5":13,"6":13,"7":13,"8":13,"9":13,"10":13,"11":13,"12":13,"13":13,"14":13,"15":13,"16":13,"17":13,"18":13,"19":13,"20":13,"21":13,"22":13,"23":13,"24":13,"25":13,"26":13,"27":13,"28":13,"29":13,"30":13,"31":13,"32":13,"33":13,"34":13,"35":13,"36":13,"37":13,"38":13,"39":13,"40":13,"41":13,"42":13,"43":13,"44":13,"45":13,"46":13,"47":13,"48":13,"49":13,"50":13,"51":182,"52":182,"53":182,"54":13,"55":13,"56":13,"57":13,"58":13,"59":13,"60":13,"61":13,"62":13,"63":13,"64":13,"65":13,"66":13},"f":{"0":13,"1":182},"b":{},"_coverageSchema":"1a1c01bbd47fc00a2c39e90264f33305004495a9","hash":"d3b3af625127b01a2f52c6b734e87734adc810ec"}
,"/Users/thanpolas/Projects/defi/degenking/src/constants/addresses-harmony.const.js": {"path":"/Users/thanpolas/Projects/defi/degenking/src/constants/addresses-harmony.const.js","statementMap":{"0":{"start":{"line":5,"column":24},"end":{"line":5,"column":52}},"1":{"start":{"line":7,"column":0},"end":{"line":7,"column":72}},"2":{"start":{"line":8,"column":0},"end":{"line":8,"column":71}},"3":{"start":{"line":9,"column":0},"end":{"line":9,"column":71}},"4":{"start":{"line":10,"column":0},"end":{"line":10,"column":67}},"5":{"start":{"line":11,"column":0},"end":{"line":11,"column":41}},"6":{"start":{"line":13,"column":0},"end":{"line":13,"column":60}},"7":{"start":{"line":14,"column":0},"end":{"line":14,"column":62}},"8":{"start":{"line":15,"column":0},"end":{"line":15,"column":63}},"9":{"start":{"line":17,"column":0},"end":{"line":17,"column":62}},"10":{"start":{"line":18,"column":0},"end":{"line":18,"column":67}},"11":{"start":{"line":20,"column":0},"end":{"line":20,"column":69}},"12":{"start":{"line":21,"column":0},"end":{"line":21,"column":79}},"13":{"start":{"line":22,"column":0},"end":{"line":22,"column":64}},"14":{"start":{"line":23,"column":0},"end":{"line":23,"column":61}},"15":{"start":{"line":24,"column":0},"end":{"line":24,"column":66}},"16":{"start":{"line":25,"column":0},"end":{"line":25,"column":65}},"17":{"start":{"line":27,"column":0},"end":{"line":27,"column":69}},"18":{"start":{"line":28,"column":0},"end":{"line":28,"column":68}},"19":{"start":{"line":31,"column":0},"end":{"line":31,"column":66}},"20":{"start":{"line":32,"column":0},"end":{"line":32,"column":69}},"21":{"start":{"line":33,"column":0},"end":{"line":33,"column":64}},"22":{"start":{"line":34,"column":0},"end":{"line":34,"column":70}},"23":{"start":{"line":37,"column":0},"end":{"line":37,"column":65}},"24":{"start":{"line":43,"column":0},"end":{"line":43,"column":74}},"25":{"start":{"line":46,"column":0},"end":{"line":46,"column":78}},"26":{"start":{"line":47,"column":0},"end":{"line":48,"column":47}},"27":{"start":{"line":49,"column":0},"end":{"line":49,"column":76}},"28":{"start":{"line":50,"column":0},"end":{"line":51,"column":47}},"29":{"start":{"line":52,"column":0},"end":{"line":52,"column":79}},"30":{"start":{"line":53,"column":0},"end":{"line":54,"column":47}},"31":{"start":{"line":55,"column":0},"end":{"line":56,"column":47}},"32":{"start":{"line":57,"column":0},"end":{"line":58,"column":47}},"33":{"start":{"line":59,"column":0},"end":{"line":60,"column":47}},"34":{"start":{"line":61,"column":0},"end":{"line":62,"column":47}},"35":{"start":{"line":64,"column":0},"end":{"line":77,"column":2}},"36":{"start":{"line":84,"column":0},"end":{"line":84,"column":77}},"37":{"start":{"line":85,"column":0},"end":{"line":85,"column":73}},"38":{"start":{"line":86,"column":0},"end":{"line":86,"column":72}},"39":{"start":{"line":87,"column":0},"end":{"line":87,"column":69}},"40":{"start":{"line":90,"column":0},"end":{"line":90,"column":69}},"41":{"start":{"line":91,"column":0},"end":{"line":91,"column":74}},"42":{"start":{"line":92,"column":0},"end":{"line":92,"column":76}},"43":{"start":{"line":93,"column":0},"end":{"line":93,"column":77}},"44":{"start":{"line":94,"column":0},"end":{"line":94,"column":73}},"45":{"start":{"line":95,"column":0},"end":{"line":95,"column":72}},"46":{"start":{"line":96,"column":0},"end":{"line":96,"column":77}},"47":{"start":{"line":99,"column":0},"end":{"line":99,"column":36}},"48":{"start":{"line":100,"column":0},"end":{"line":100,"column":63}},"49":{"start":{"line":101,"column":0},"end":{"line":101,"column":59}},"50":{"start":{"line":102,"column":0},"end":{"line":102,"column":55}},"51":{"start":{"line":103,"column":0},"end":{"line":103,"column":53}},"52":{"start":{"line":104,"column":0},"end":{"line":104,"column":51}},"53":{"start":{"line":105,"column":0},"end":{"line":105,"column":55}},"54":{"start":{"line":106,"column":0},"end":{"line":106,"column":47}},"55":{"start":{"line":107,"column":0},"end":{"line":107,"column":51}},"56":{"start":{"line":108,"column":0},"end":{"line":108,"column":49}},"57":{"start":{"line":109,"column":0},"end":{"line":109,"column":53}},"58":{"start":{"line":110,"column":0},"end":{"line":110,"column":57}},"59":{"start":{"line":111,"column":0},"end":{"line":111,"column":59}},"60":{"start":{"line":112,"column":0},"end":{"line":112,"column":45}},"61":{"start":{"line":113,"column":0},"end":{"line":113,"column":43}},"62":{"start":{"line":114,"column":0},"end":{"line":114,"column":48}},"63":{"start":{"line":115,"column":0},"end":{"line":115,"column":49}},"64":{"start":{"line":116,"column":0},"end":{"line":116,"column":74}},"65":{"start":{"line":117,"column":0},"end":{"line":117,"column":56}},"66":{"start":{"line":118,"column":0},"end":{"line":118,"column":41}},"67":{"start":{"line":124,"column":0},"end":{"line":124,"column":73}},"68":{"start":{"line":126,"column":0},"end":{"line":126,"column":73}},"69":{"start":{"line":128,"column":0},"end":{"line":128,"column":73}},"70":{"start":{"line":130,"column":0},"end":{"line":130,"column":73}},"71":{"start":{"line":132,"column":0},"end":{"line":132,"column":73}},"72":{"start":{"line":134,"column":0},"end":{"line":134,"column":73}},"73":{"start":{"line":136,"column":0},"end":{"line":136,"column":73}},"74":{"start":{"line":138,"column":0},"end":{"line":138,"column":73}},"75":{"start":{"line":141,"column":0},"end":{"line":150,"column":2}},"76":{"start":{"line":152,"column":0},"end":{"line":167,"column":2}},"77":{"start":{"line":170,"column":0},"end":{"line":179,"column":2}},"78":{"start":{"line":182,"column":0},"end":{"line":199,"column":2}},"79":{"start":{"line":202,"column":0},"end":{"line":210,"column":2}}},"fnMap":{},"branchMap":{},"s":{"0":13,"1":13,"2":13,"3":13,"4":13,"5":13,"6":13,"7":13,"8":13,"9":13,"10":13,"11":13,"12":13,"13":13,"14":13,"15":13,"16":13,"17":13,"18":13,"19":13,"20":13,"21":13,"22":13,"23":13,"24":13,"25":13,"26":13,"27":13,"28":13,"29":13,"30":13,"31":13,"32":13,"33":13,"34":13,"35":13,"36":13,"37":13,"38":13,"39":13,"40":13,"41":13,"42":13,"43":13,"44":13,"45":13,"46":13,"47":13,"48":13,"49":13,"50":13,"51":13,"52":13,"53":13,"54":13,"55":13,"56":13,"57":13,"58":13,"59":13,"60":13,"61":13,"62":13,"63":13,"64":13,"65":13,"66":13,"67":13,"68":13,"69":13,"70":13,"71":13,"72":13,"73":13,"74":13,"75":13,"76":13,"77":13,"78":13,"79":13},"f":{},"b":{},"_coverageSchema":"1a1c01bbd47fc00a2c39e90264f33305004495a9","hash":"4632a0beba2a091b1dda67fafc96670ff7d9a449"}
,"/Users/thanpolas/Projects/defi/degenking/src/constants/addresses-klaytn.const.js": {"path":"/Users/thanpolas/Projects/defi/degenking/src/constants/addresses-klaytn.const.js","statementMap":{"0":{"start":{"line":5,"column":38},"end":{"line":5,"column":66}},"1":{"start":{"line":6,"column":20},"end":{"line":6,"column":53}},"2":{"start":{"line":8,"column":0},"end":{"line":8,"column":30}},"3":{"start":{"line":9,"column":0},"end":{"line":9,"column":29}},"4":{"start":{"line":10,"column":0},"end":{"line":10,"column":71}},"5":{"start":{"line":12,"column":0},"end":{"line":12,"column":67}},"6":{"start":{"line":13,"column":0},"end":{"line":13,"column":27}},"7":{"start":{"line":14,"column":0},"end":{"line":14,"column":66}},"8":{"start":{"line":15,"column":0},"end":{"line":15,"column":40}},"9":{"start":{"line":16,"column":0},"end":{"line":16,"column":26}},"10":{"start":{"line":17,"column":0},"end":{"line":17,"column":28}},"11":{"start":{"line":19,"column":0},"end":{"line":19,"column":38}},"12":{"start":{"line":20,"column":0},"end":{"line":20,"column":20}},"13":{"start":{"line":21,"column":0},"end":{"line":21,"column":21}},"14":{"start":{"line":24,"column":0},"end":{"line":24,"column":69}},"15":{"start":{"line":26,"column":0},"end":{"line":26,"column":69}},"16":{"start":{"line":28,"column":0},"end":{"line":28,"column":66}},"17":{"start":{"line":30,"column":0},"end":{"line":30,"column":62}},"18":{"start":{"line":31,"column":0},"end":{"line":31,"column":67}},"19":{"start":{"line":32,"column":0},"end":{"line":32,"column":69}},"20":{"start":{"line":33,"column":0},"end":{"line":33,"column":79}},"21":{"start":{"line":34,"column":0},"end":{"line":34,"column":64}},"22":{"start":{"line":35,"column":0},"end":{"line":35,"column":61}},"23":{"start":{"line":36,"column":0},"end":{"line":36,"column":66}},"24":{"start":{"line":37,"column":0},"end":{"line":37,"column":65}},"25":{"start":{"line":39,"column":0},"end":{"line":39,"column":69}},"26":{"start":{"line":40,"column":0},"end":{"line":40,"column":68}},"27":{"start":{"line":41,"column":0},"end":{"line":41,"column":63}},"28":{"start":{"line":48,"column":0},"end":{"line":48,"column":69}},"29":{"start":{"line":49,"column":0},"end":{"line":49,"column":69}},"30":{"start":{"line":52,"column":0},"end":{"line":52,"column":42}},"31":{"start":{"line":53,"column":0},"end":{"line":53,"column":76}},"32":{"start":{"line":55,"column":0},"end":{"line":55,"column":77}},"33":{"start":{"line":56,"column":0},"end":{"line":56,"column":73}},"34":{"start":{"line":57,"column":0},"end":{"line":57,"column":72}},"35":{"start":{"line":58,"column":0},"end":{"line":58,"column":35}},"36":{"start":{"line":63,"column":0},"end":{"line":63,"column":73}},"37":{"start":{"line":64,"column":0},"end":{"line":64,"column":73}},"38":{"start":{"line":65,"column":0},"end":{"line":65,"column":73}},"39":{"start":{"line":66,"column":0},"end":{"line":66,"column":73}},"40":{"start":{"line":67,"column":0},"end":{"line":67,"column":73}},"41":{"start":{"line":68,"column":0},"end":{"line":68,"column":73}},"42":{"start":{"line":69,"column":0},"end":{"line":69,"column":73}},"43":{"start":{"line":70,"column":0},"end":{"line":70,"column":73}},"44":{"start":{"line":73,"column":0},"end":{"line":82,"column":2}},"45":{"start":{"line":85,"column":0},"end":{"line":94,"column":2}},"46":{"start":{"line":96,"column":0},"end":{"line":111,"column":2}},"47":{"start":{"line":114,"column":0},"end":{"line":128,"column":2}},"48":{"start":{"line":131,"column":0},"end":{"line":141,"column":2}},"49":{"start":{"line":147,"column":0},"end":{"line":158,"column":2}},"50":{"start":{"line":148,"column":2},"end":{"line":157,"column":5}},"51":{"start":{"line":150,"column":4},"end":{"line":150,"column":61}},"52":{"start":{"line":153,"column":4},"end":{"line":153,"column":52}},"53":{"start":{"line":156,"column":4},"end":{"line":156,"column":76}},"54":{"start":{"line":159,"column":0},"end":{"line":159,"column":40}},"55":{"start":{"line":165,"column":0},"end":{"line":165,"column":74}},"56":{"start":{"line":168,"column":0},"end":{"line":168,"column":78}},"57":{"start":{"line":169,"column":0},"end":{"line":170,"column":47}},"58":{"start":{"line":171,"column":0},"end":{"line":171,"column":76}},"59":{"start":{"line":172,"column":0},"end":{"line":173,"column":47}},"60":{"start":{"line":174,"column":0},"end":{"line":174,"column":79}},"61":{"start":{"line":175,"column":0},"end":{"line":176,"column":47}},"62":{"start":{"line":177,"column":0},"end":{"line":178,"column":47}},"63":{"start":{"line":179,"column":0},"end":{"line":180,"column":47}},"64":{"start":{"line":181,"column":0},"end":{"line":182,"column":47}},"65":{"start":{"line":183,"column":0},"end":{"line":184,"column":47}},"66":{"start":{"line":186,"column":0},"end":{"line":199,"column":2}}},"fnMap":{"0":{"name":"(anonymous_0)","decl":{"start":{"line":147,"column":40},"end":{"line":147,"column":41}},"loc":{"start":{"line":147,"column":46},"end":{"line":158,"column":1}},"line":147},"1":{"name":"(anonymous_1)","decl":{"start":{"line":148,"column":28},"end":{"line":148,"column":29}},"loc":{"start":{"line":148,"column":38},"end":{"line":157,"column":3}},"line":148}},"branchMap":{},"s":{"0":13,"1":13,"2":13,"3":13,"4":13,"5":13,"6":13,"7":13,"8":13,"9":13,"10":13,"11":13,"12":13,"13":13,"14":13,"15":13,"16":13,"17":13,"18":13,"19":13,"20":13,"21":13,"22":13,"23":13,"24":13,"25":13,"26":13,"27":13,"28":13,"29":13,"30":13,"31":13,"32":13,"33":13,"34":13,"35":13,"36":13,"37":13,"38":13,"39":13,"40":13,"41":13,"42":13,"43":13,"44":13,"45":13,"46":13,"47":13,"48":13,"49":13,"50":13,"51":143,"52":143,"53":143,"54":13,"55":13,"56":13,"57":13,"58":13,"59":13,"60":13,"61":13,"62":13,"63":13,"64":13,"65":13,"66":13},"f":{"0":13,"1":143},"b":{},"_coverageSchema":"1a1c01bbd47fc00a2c39e90264f33305004495a9","hash":"3948d0049f13eb2843b72f0bd4835a125b366b6e"}
,"/Users/thanpolas/Projects/defi/degenking/src/constants/choices.const.js": {"path":"/Users/thanpolas/Projects/defi/degenking/src/constants/choices.const.js","statementMap":{"0":{"start":{"line":5,"column":0},"end":{"line":5,"column":44}},"1":{"start":{"line":6,"column":0},"end":{"line":15,"column":2}},"2":{"start":{"line":16,"column":0},"end":{"line":39,"column":2}},"3":{"start":{"line":40,"column":0},"end":{"line":49,"column":2}},"4":{"start":{"line":50,"column":0},"end":{"line":73,"column":2}},"5":{"start":{"line":74,"column":0},"end":{"line":83,"column":2}},"6":{"start":{"line":84,"column":0},"end":{"line":107,"column":2}},"7":{"start":{"line":108,"column":0},"end":{"line":127,"column":2}},"8":{"start":{"line":128,"column":0},"end":{"line":151,"column":2}},"9":{"start":{"line":152,"column":0},"end":{"line":175,"column":2}},"10":{"start":{"line":176,"column":0},"end":{"line":199,"column":2}},"11":{"start":{"line":201,"column":0},"end":{"line":234,"column":2}},"12":{"start":{"line":236,"column":0},"end":{"line":236,"column":33}},"13":{"start":{"line":237,"column":0},"end":{"line":242,"column":2}},"14":{"start":{"line":245,"column":0},"end":{"line":272,"column":2}},"15":{"start":{"line":273,"column":0},"end":{"line":300,"column":2}},"16":{"start":{"line":301,"column":0},"end":{"line":301,"column":36}},"17":{"start":{"line":302,"column":0},"end":{"line":302,"column":36}},"18":{"start":{"line":303,"column":0},"end":{"line":303,"column":34}},"19":{"start":{"line":304,"column":0},"end":{"line":304,"column":34}},"20":{"start":{"line":305,"column":0},"end":{"line":314,"column":2}},"21":{"start":{"line":315,"column":0},"end":{"line":324,"column":2}},"22":{"start":{"line":325,"column":0},"end":{"line":334,"column":2}},"23":{"start":{"line":335,"column":0},"end":{"line":351,"column":2}},"24":{"start":{"line":352,"column":0},"end":{"line":368,"column":2}},"25":{"start":{"line":369,"column":0},"end":{"line":385,"column":2}},"26":{"start":{"line":386,"column":0},"end":{"line":402,"column":2}}},"fnMap":{},"branchMap":{},"s":{"0":13,"1":13,"2":13,"3":13,"4":13,"5":13,"6":13,"7":13,"8":13,"9":13,"10":13,"11":13,"12":13,"13":13,"14":13,"15":13,"16":13,"17":13,"18":13,"19":13,"20":13,"21":13,"22":13,"23":13,"24":13,"25":13,"26":13},"f":{},"b":{},"_coverageSchema":"1a1c01bbd47fc00a2c39e90264f33305004495a9","hash":"f28aa62b4b1d63a8a6ab2d0205369856efc22b27"}
,"/Users/thanpolas/Projects/defi/degenking/src/constants/constants.const.js": {"path":"/Users/thanpolas/Projects/defi/degenking/src/constants/constants.const.js","statementMap":{"0":{"start":{"line":6,"column":0},"end":{"line":9,"column":2}},"1":{"start":{"line":12,"column":0},"end":{"line":16,"column":2}},"2":{"start":{"line":19,"column":0},"end":{"line":23,"column":2}},"3":{"start":{"line":26,"column":0},"end":{"line":29,"column":2}},"4":{"start":{"line":32,"column":0},"end":{"line":36,"column":2}},"5":{"start":{"line":39,"column":0},"end":{"line":43,"column":2}},"6":{"start":{"line":45,"column":0},"end":{"line":45,"column":68}},"7":{"start":{"line":46,"column":0},"end":{"line":46,"column":29}},"8":{"start":{"line":47,"column":0},"end":{"line":47,"column":26}},"9":{"start":{"line":48,"column":0},"end":{"line":48,"column":28}},"10":{"start":{"line":49,"column":0},"end":{"line":49,"column":26}},"11":{"start":{"line":50,"column":0},"end":{"line":50,"column":27}},"12":{"start":{"line":51,"column":0},"end":{"line":51,"column":32}},"13":{"start":{"line":53,"column":0},"end":{"line":53,"column":71}},"14":{"start":{"line":56,"column":0},"end":{"line":61,"column":2}},"15":{"start":{"line":65,"column":0},"end":{"line":82,"column":2}},"16":{"start":{"line":85,"column":0},"end":{"line":90,"column":2}},"17":{"start":{"line":93,"column":0},"end":{"line":110,"column":2}},"18":{"start":{"line":112,"column":0},"end":{"line":112,"column":72}},"19":{"start":{"line":114,"column":0},"end":{"line":119,"column":2}},"20":{"start":{"line":121,"column":0},"end":{"line":143,"column":2}},"21":{"start":{"line":145,"column":0},"end":{"line":167,"column":2}},"22":{"start":{"line":169,"column":0},"end":{"line":178,"column":2}},"23":{"start":{"line":180,"column":0},"end":{"line":180,"column":58}},"24":{"start":{"line":182,"column":0},"end":{"line":194,"column":2}},"25":{"start":{"line":196,"column":0},"end":{"line":201,"column":2}},"26":{"start":{"line":203,"column":0},"end":{"line":212,"column":2}},"27":{"start":{"line":214,"column":0},"end":{"line":227,"column":2}},"28":{"start":{"line":229,"column":0},"end":{"line":242,"column":2}}},"fnMap":{},"branchMap":{},"s":{"0":13,"1":13,"2":13,"3":13,"4":13,"5":13,"6":13,"7":13,"8":13,"9":13,"10":13,"11":13,"12":13,"13":13,"14":13,"15":13,"16":13,"17":13,"18":13,"19":13,"20":13,"21":13,"22":13,"23":13,"24":13,"25":13,"26":13,"27":13,"28":13},"f":{},"b":{},"_coverageSchema":"1a1c01bbd47fc00a2c39e90264f33305004495a9","hash":"e2a493d54a7228b07f99a88db51f7c925616dc28"}
,"/Users/thanpolas/Projects/defi/degenking/src/constants/crystals.const.js": {"path":"/Users/thanpolas/Projects/defi/degenking/src/constants/crystals.const.js","statementMap":{"0":{"start":{"line":5,"column":17},"end":{"line":5,"column":34}},"1":{"start":{"line":7,"column":17},"end":{"line":7,"column":44}},"2":{"start":{"line":8,"column":24},"end":{"line":8,"column":52}},"3":{"start":{"line":10,"column":20},"end":{"line":10,"column":31}},"4":{"start":{"line":12,"column":0},"end":{"line":12,"column":71}},"5":{"start":{"line":13,"column":0},"end":{"line":15,"column":3}},"6":{"start":{"line":16,"column":0},"end":{"line":18,"column":3}},"7":{"start":{"line":19,"column":0},"end":{"line":19,"column":38}},"8":{"start":{"line":20,"column":0},"end":{"line":20,"column":44}},"9":{"start":{"line":21,"column":0},"end":{"line":21,"column":45}},"10":{"start":{"line":23,"column":0},"end":{"line":23,"column":63}},"11":{"start":{"line":24,"column":0},"end":{"line":24,"column":75}},"12":{"start":{"line":25,"column":0},"end":{"line":25,"column":77}},"13":{"start":{"line":26,"column":0},"end":{"line":26,"column":37}},"14":{"start":{"line":27,"column":0},"end":{"line":27,"column":43}},"15":{"start":{"line":28,"column":0},"end":{"line":28,"column":44}},"16":{"start":{"line":30,"column":0},"end":{"line":30,"column":67}},"17":{"start":{"line":31,"column":0},"end":{"line":31,"column":79}},"18":{"start":{"line":32,"column":0},"end":{"line":34,"column":3}},"19":{"start":{"line":35,"column":0},"end":{"line":35,"column":36}},"20":{"start":{"line":36,"column":0},"end":{"line":36,"column":42}},"21":{"start":{"line":37,"column":0},"end":{"line":37,"column":43}},"22":{"start":{"line":39,"column":0},"end":{"line":39,"column":71}},"23":{"start":{"line":40,"column":0},"end":{"line":42,"column":3}},"24":{"start":{"line":43,"column":0},"end":{"line":45,"column":3}},"25":{"start":{"line":46,"column":0},"end":{"line":46,"column":38}},"26":{"start":{"line":47,"column":0},"end":{"line":47,"column":44}},"27":{"start":{"line":48,"column":0},"end":{"line":48,"column":45}},"28":{"start":{"line":50,"column":0},"end":{"line":50,"column":67}},"29":{"start":{"line":51,"column":0},"end":{"line":51,"column":79}},"30":{"start":{"line":52,"column":0},"end":{"line":54,"column":3}},"31":{"start":{"line":55,"column":0},"end":{"line":55,"column":36}},"32":{"start":{"line":56,"column":0},"end":{"line":56,"column":42}},"33":{"start":{"line":57,"column":0},"end":{"line":57,"column":43}},"34":{"start":{"line":59,"column":0},"end":{"line":59,"column":67}},"35":{"start":{"line":60,"column":0},"end":{"line":60,"column":79}},"36":{"start":{"line":61,"column":0},"end":{"line":63,"column":3}},"37":{"start":{"line":64,"column":0},"end":{"line":64,"column":36}},"38":{"start":{"line":65,"column":0},"end":{"line":65,"column":42}},"39":{"start":{"line":66,"column":0},"end":{"line":66,"column":43}},"40":{"start":{"line":68,"column":0},"end":{"line":68,"column":63}},"41":{"start":{"line":69,"column":0},"end":{"line":69,"column":75}},"42":{"start":{"line":70,"column":0},"end":{"line":70,"column":77}},"43":{"start":{"line":71,"column":0},"end":{"line":71,"column":34}},"44":{"start":{"line":72,"column":0},"end":{"line":72,"column":40}},"45":{"start":{"line":73,"column":0},"end":{"line":73,"column":41}},"46":{"start":{"line":75,"column":0},"end":{"line":75,"column":71}},"47":{"start":{"line":76,"column":0},"end":{"line":78,"column":3}},"48":{"start":{"line":79,"column":0},"end":{"line":81,"column":3}},"49":{"start":{"line":82,"column":0},"end":{"line":82,"column":38}},"50":{"start":{"line":83,"column":0},"end":{"line":83,"column":44}},"51":{"start":{"line":84,"column":0},"end":{"line":84,"column":45}},"52":{"start":{"line":86,"column":0},"end":{"line":86,"column":63}},"53":{"start":{"line":87,"column":0},"end":{"line":87,"column":75}},"54":{"start":{"line":88,"column":0},"end":{"line":88,"column":77}},"55":{"start":{"line":89,"column":0},"end":{"line":89,"column":34}},"56":{"start":{"line":90,"column":0},"end":{"line":90,"column":40}},"57":{"start":{"line":91,"column":0},"end":{"line":91,"column":41}},"58":{"start":{"line":93,"column":0},"end":{"line":93,"column":59}},"59":{"start":{"line":94,"column":0},"end":{"line":94,"column":71}},"60":{"start":{"line":95,"column":0},"end":{"line":95,"column":73}},"61":{"start":{"line":96,"column":0},"end":{"line":96,"column":32}},"62":{"start":{"line":97,"column":0},"end":{"line":97,"column":38}},"63":{"start":{"line":98,"column":0},"end":{"line":98,"column":39}},"64":{"start":{"line":103,"column":0},"end":{"line":122,"column":2}},"65":{"start":{"line":127,"column":0},"end":{"line":129,"column":2}},"66":{"start":{"line":128,"column":18},"end":{"line":128,"column":32}},"67":{"start":{"line":134,"column":0},"end":{"line":138,"column":37}},"68":{"start":{"line":143,"column":0},"end":{"line":143,"column":31}},"69":{"start":{"line":144,"column":0},"end":{"line":147,"column":3}},"70":{"start":{"line":145,"column":18},"end":{"line":145,"column":47}},"71":{"start":{"line":146,"column":2},"end":{"line":146,"column":50}}},"fnMap":{"0":{"name":"(anonymous_0)","decl":{"start":{"line":128,"column":2},"end":{"line":128,"column":3}},"loc":{"start":{"line":128,"column":18},"end":{"line":128,"column":32}},"line":128},"1":{"name":"(anonymous_1)","decl":{"start":{"line":144,"column":31},"end":{"line":144,"column":32}},"loc":{"start":{"line":144,"column":47},"end":{"line":147,"column":1}},"line":144}},"branchMap":{},"s":{"0":13,"1":13,"2":13,"3":13,"4":13,"5":13,"6":13,"7":13,"8":13,"9":13,"10":13,"11":13,"12":13,"13":13,"14":13,"15":13,"16":13,"17":13,"18":13,"19":13,"20":13,"21":13,"22":13,"23":13,"24":13,"25":13,"26":13,"27":13,"28":13,"29":13,"30":13,"31":13,"32":13,"33":13,"34":13,"35":13,"36":13,"37":13,"38":13,"39":13,"40":13,"41":13,"42":13,"43":13,"44":13,"45":13,"46":13,"47":13,"48":13,"49":13,"50":13,"51":13,"52":13,"53":13,"54":13,"55":13,"56":13,"57":13,"58":13,"59":13,"60":13,"61":13,"62":13,"63":13,"64":13,"65":13,"66":234,"67":13,"68":13,"69":13,"70":273,"71":273},"f":{"0":234,"1":273},"b":{},"_coverageSchema":"1a1c01bbd47fc00a2c39e90264f33305004495a9","hash":"cc4824940d2a9fa2a87160072289c02234fea856"}
,"/Users/thanpolas/Projects/defi/degenking/src/constants/gardens-dfkn.const.js": {"path":"/Users/thanpolas/Projects/defi/degenking/src/constants/gardens-dfkn.const.js","statementMap":{"0":{"start":{"line":5,"column":31},"end":{"line":5,"column":61}},"1":{"start":{"line":10,"column":0},"end":{"line":96,"column":2}},"2":{"start":{"line":98,"column":0},"end":{"line":98,"column":69}},"3":{"start":{"line":99,"column":0},"end":{"line":99,"column":77}}},"fnMap":{},"branchMap":{},"s":{"0":13,"1":13,"2":13,"3":13},"f":{},"b":{},"_coverageSchema":"1a1c01bbd47fc00a2c39e90264f33305004495a9","hash":"be69091b7a65e61c73edf77fa764006e4fba4ffe"}
,"/Users/thanpolas/Projects/defi/degenking/src/constants/gardens-harmony.const.js": {"path":"/Users/thanpolas/Projects/defi/degenking/src/constants/gardens-harmony.const.js","statementMap":{"0":{"start":{"line":1,"column":31},"end":{"line":1,"column":61}},"1":{"start":{"line":6,"column":0},"end":{"line":122,"column":2}},"2":{"start":{"line":124,"column":0},"end":{"line":124,"column":69}},"3":{"start":{"line":125,"column":0},"end":{"line":125,"column":77}}},"fnMap":{},"branchMap":{},"s":{"0":13,"1":13,"2":13,"3":13},"f":{},"b":{},"_coverageSchema":"1a1c01bbd47fc00a2c39e90264f33305004495a9","hash":"0726e57617f19fcac3686edf95c3be56426ce5e6"}
,"/Users/thanpolas/Projects/defi/degenking/src/constants/gardens-klaytn.const.js": {"path":"/Users/thanpolas/Projects/defi/degenking/src/constants/gardens-klaytn.const.js","statementMap":{"0":{"start":{"line":5,"column":31},"end":{"line":5,"column":61}},"1":{"start":{"line":10,"column":0},"end":{"line":77,"column":2}},"2":{"start":{"line":79,"column":0},"end":{"line":79,"column":69}},"3":{"start":{"line":80,"column":0},"end":{"line":80,"column":77}}},"fnMap":{},"branchMap":{},"s":{"0":13,"1":13,"2":13,"3":13},"f":{},"b":{},"_coverageSchema":"1a1c01bbd47fc00a2c39e90264f33305004495a9","hash":"f6a492cf4f97a1bfe877d75e2ad5589d66d548ac"}
,"/Users/thanpolas/Projects/defi/degenking/src/constants/hero-classes.const.js": {"path":"/Users/thanpolas/Projects/defi/degenking/src/constants/hero-classes.const.js","statementMap":{"0":{"start":{"line":5,"column":0},"end":{"line":18,"column":2}},"1":{"start":{"line":19,"column":0},"end":{"line":26,"column":2}},"2":{"start":{"line":27,"column":0},"end":{"line":27,"column":55}},"3":{"start":{"line":28,"column":0},"end":{"line":28,"column":41}}},"fnMap":{},"branchMap":{},"s":{"0":13,"1":13,"2":13,"3":13},"f":{},"b":{},"_coverageSchema":"1a1c01bbd47fc00a2c39e90264f33305004495a9","hash":"65330dcb1cd445d2c649124f899096424759097e"}
,"/Users/thanpolas/Projects/defi/degenking/src/constants/hero-mappings.const.js": {"path":"/Users/thanpolas/Projects/defi/degenking/src/constants/hero-mappings.const.js","statementMap":{"0":{"start":{"line":5,"column":0},"end":{"line":24,"column":2}},"1":{"start":{"line":26,"column":0},"end":{"line":40,"column":2}},"2":{"start":{"line":42,"column":0},"end":{"line":61,"column":2}},"3":{"start":{"line":63,"column":0},"end":{"line":82,"column":2}}},"fnMap":{},"branchMap":{},"s":{"0":13,"1":13,"2":13,"3":13},"f":{},"b":{},"_coverageSchema":"1a1c01bbd47fc00a2c39e90264f33305004495a9","hash":"debcf34f97bd59fdb53abcbe1b9e1e35d849624c"}
,"/Users/thanpolas/Projects/defi/degenking/src/constants/items.const.js": {"path":"/Users/thanpolas/Projects/defi/degenking/src/constants/items.const.js","statementMap":{"0":{"start":{"line":5,"column":31},"end":{"line":5,"column":61}},"1":{"start":{"line":7,"column":18},"end":{"line":7,"column":45}},"2":{"start":{"line":8,"column":24},"end":{"line":8,"column":52}},"3":{"start":{"line":11,"column":25},"end":{"line":11,"column":69}},"4":{"start":{"line":16,"column":0},"end":{"line":19,"column":2}},"5":{"start":{"line":22,"column":0},"end":{"line":39,"column":2}},"6":{"start":{"line":42,"column":0},"end":{"line":54,"column":2}},"7":{"start":{"line":57,"column":0},"end":{"line":57,"column":62}},"8":{"start":{"line":60,"column":0},"end":{"line":63,"column":2}},"9":{"start":{"line":67,"column":0},"end":{"line":68,"column":60}},"10":{"start":{"line":69,"column":0},"end":{"line":70,"column":59}},"11":{"start":{"line":78,"column":0},"end":{"line":95,"column":2}},"12":{"start":{"line":79,"column":22},"end":{"line":92,"column":4}},"13":{"start":{"line":80,"column":21},"end":{"line":80,"column":62}},"14":{"start":{"line":81,"column":21},"end":{"line":81,"column":62}},"15":{"start":{"line":83,"column":4},"end":{"line":89,"column":5}},"16":{"start":{"line":85,"column":27},"end":{"line":85,"column":50}},"17":{"start":{"line":86,"column":27},"end":{"line":86,"column":55}},"18":{"start":{"line":87,"column":27},"end":{"line":87,"column":55}},"19":{"start":{"line":88,"column":6},"end":{"line":88,"column":41}},"20":{"start":{"line":91,"column":4},"end":{"line":91,"column":31}},"21":{"start":{"line":94,"column":2},"end":{"line":94,"column":21}},"22":{"start":{"line":98,"column":0},"end":{"line":98,"column":52}},"23":{"start":{"line":109,"column":0},"end":{"line":137,"column":2}},"24":{"start":{"line":110,"column":63},"end":{"line":110,"column":69}},"25":{"start":{"line":112,"column":24},"end":{"line":134,"column":4}},"26":{"start":{"line":114,"column":4},"end":{"line":116,"column":5}},"27":{"start":{"line":115,"column":6},"end":{"line":115,"column":19}},"28":{"start":{"line":118,"column":4},"end":{"line":120,"column":5}},"29":{"start":{"line":119,"column":6},"end":{"line":119,"column":19}},"30":{"start":{"line":123,"column":4},"end":{"line":131,"column":5}},"31":{"start":{"line":124,"column":6},"end":{"line":126,"column":7}},"32":{"start":{"line":125,"column":8},"end":{"line":125,"column":21}},"33":{"start":{"line":128,"column":6},"end":{"line":130,"column":7}},"34":{"start":{"line":129,"column":8},"end":{"line":129,"column":21}},"35":{"start":{"line":133,"column":4},"end":{"line":133,"column":16}},"36":{"start":{"line":136,"column":2},"end":{"line":136,"column":23}},"37":{"start":{"line":142,"column":0},"end":{"line":282,"column":2}}},"fnMap":{"0":{"name":"(anonymous_0)","decl":{"start":{"line":78,"column":20},"end":{"line":78,"column":21}},"loc":{"start":{"line":78,"column":34},"end":{"line":95,"column":1}},"line":78},"1":{"name":"(anonymous_1)","decl":{"start":{"line":79,"column":36},"end":{"line":79,"column":37}},"loc":{"start":{"line":79,"column":46},"end":{"line":92,"column":3}},"line":79},"2":{"name":"(anonymous_2)","decl":{"start":{"line":109,"column":22},"end":{"line":109,"column":23}},"loc":{"start":{"line":109,"column":34},"end":{"line":137,"column":1}},"line":109},"3":{"name":"(anonymous_3)","decl":{"start":{"line":112,"column":41},"end":{"line":112,"column":42}},"loc":{"start":{"line":112,"column":51},"end":{"line":134,"column":3}},"line":112}},"branchMap":{"0":{"loc":{"start":{"line":83,"column":4},"end":{"line":89,"column":5}},"type":"if","locations":[{"start":{"line":83,"column":4},"end":{"line":89,"column":5}},{"start":{},"end":{}}],"line":83},"1":{"loc":{"start":{"line":110,"column":19},"end":{"line":110,"column":36}},"type":"default-arg","locations":[{"start":{"line":110,"column":34},"end":{"line":110,"column":36}}],"line":110},"2":{"loc":{"start":{"line":110,"column":38},"end":{"line":110,"column":58}},"type":"default-arg","locations":[{"start":{"line":110,"column":56},"end":{"line":110,"column":58}}],"line":110},"3":{"loc":{"start":{"line":114,"column":4},"end":{"line":116,"column":5}},"type":"if","locations":[{"start":{"line":114,"column":4},"end":{"line":116,"column":5}},{"start":{},"end":{}}],"line":114},"4":{"loc":{"start":{"line":118,"column":4},"end":{"line":120,"column":5}},"type":"if","locations":[{"start":{"line":118,"column":4},"end":{"line":120,"column":5}},{"start":{},"end":{}}],"line":118},"5":{"loc":{"start":{"line":123,"column":4},"end":{"line":131,"column":5}},"type":"if","locations":[{"start":{"line":123,"column":4},"end":{"line":131,"column":5}},{"start":{},"end":{}}],"line":123},"6":{"loc":{"start":{"line":124,"column":6},"end":{"line":126,"column":7}},"type":"if","locations":[{"start":{"line":124,"column":6},"end":{"line":126,"column":7}},{"start":{},"end":{}}],"line":124},"7":{"loc":{"start":{"line":128,"column":6},"end":{"line":130,"column":7}},"type":"if","locations":[{"start":{"line":128,"column":6},"end":{"line":130,"column":7}},{"start":{},"end":{}}],"line":128}},"s":{"0":13,"1":13,"2":13,"3":13,"4":13,"5":13,"6":13,"7":13,"8":13,"9":13,"10":13,"11":13,"12":13,"13":9763,"14":9763,"15":9763,"16":4524,"17":4524,"18":4524,"19":4524,"20":5239,"21":13,"22":13,"23":13,"24":0,"25":0,"26":0,"27":0,"28":0,"29":0,"30":0,"31":0,"32":0,"33":0,"34":0,"35":0,"36":0,"37":13},"f":{"0":13,"1":9763,"2":0,"3":0},"b":{"0":[4524,5239],"1":[0],"2":[0],"3":[0,0],"4":[0,0],"5":[0,0],"6":[0,0],"7":[0,0]},"_coverageSchema":"1a1c01bbd47fc00a2c39e90264f33305004495a9","hash":"a6613c4327ceeb2dee80b0a5c4783072ff7dd2a3"}
,"/Users/thanpolas/Projects/defi/degenking/src/constants/pet-mappings.const.js": {"path":"/Users/thanpolas/Projects/defi/degenking/src/constants/pet-mappings.const.js","statementMap":{"0":{"start":{"line":5,"column":0},"end":{"line":11,"column":2}},"1":{"start":{"line":13,"column":0},"end":{"line":19,"column":2}},"2":{"start":{"line":21,"column":0},"end":{"line":30,"column":2}},"3":{"start":{"line":32,"column":0},"end":{"line":44,"column":2}},"4":{"start":{"line":46,"column":0},"end":{"line":50,"column":2}},"5":{"start":{"line":52,"column":0},"end":{"line":56,"column":2}},"6":{"start":{"line":58,"column":0},"end":{"line":62,"column":2}},"7":{"start":{"line":71,"column":0},"end":{"line":71,"column":38}},"8":{"start":{"line":73,"column":0},"end":{"line":82,"column":2}},"9":{"start":{"line":84,"column":0},"end":{"line":197,"column":2}}},"fnMap":{},"branchMap":{},"s":{"0":13,"1":13,"2":13,"3":13,"4":13,"5":13,"6":13,"7":13,"8":13,"9":13},"f":{},"b":{},"_coverageSchema":"1a1c01bbd47fc00a2c39e90264f33305004495a9","hash":"2aa181aae4b9a064adf98124ee374a9ee028ada7"}
,"/Users/thanpolas/Projects/defi/degenking/src/constants/power-pairs.const.js": {"path":"/Users/thanpolas/Projects/defi/degenking/src/constants/power-pairs.const.js","statementMap":{"0":{"start":{"line":5,"column":22},"end":{"line":5,"column":50}},"1":{"start":{"line":7,"column":0},"end":{"line":14,"column":2}},"2":{"start":{"line":16,"column":0},"end":{"line":25,"column":2}},"3":{"start":{"line":27,"column":0},"end":{"line":35,"column":2}},"4":{"start":{"line":37,"column":0},"end":{"line":44,"column":2}}},"fnMap":{},"branchMap":{},"s":{"0":13,"1":13,"2":13,"3":13,"4":13},"f":{},"b":{},"_coverageSchema":"1a1c01bbd47fc00a2c39e90264f33305004495a9","hash":"75bcd0832cf42683da102e983eeca874fb9cbf04"}
,"/Users/thanpolas/Projects/defi/degenking/src/constants/quests.const.js": {"path":"/Users/thanpolas/Projects/defi/degenking/src/constants/quests.const.js","statementMap":{"0":{"start":{"line":5,"column":19},"end":{"line":5,"column":36}},"1":{"start":{"line":7,"column":25},"end":{"line":7,"column":61}},"2":{"start":{"line":8,"column":22},"end":{"line":8,"column":55}},"3":{"start":{"line":9,"column":24},"end":{"line":9,"column":59}},"4":{"start":{"line":10,"column":24},"end":{"line":10,"column":52}},"5":{"start":{"line":12,"column":0},"end":{"line":27,"column":2}},"6":{"start":{"line":30,"column":0},"end":{"line":36,"column":2}},"7":{"start":{"line":38,"column":0},"end":{"line":38,"column":29}},"8":{"start":{"line":41,"column":0},"end":{"line":48,"column":2}},"9":{"start":{"line":51,"column":0},"end":{"line":58,"column":2}},"10":{"start":{"line":61,"column":0},"end":{"line":70,"column":2}},"11":{"start":{"line":73,"column":0},"end":{"line":82,"column":2}},"12":{"start":{"line":85,"column":0},"end":{"line":89,"column":2}},"13":{"start":{"line":92,"column":0},"end":{"line":97,"column":2}},"14":{"start":{"line":105,"column":0},"end":{"line":114,"column":2}},"15":{"start":{"line":123,"column":2},"end":{"line":125,"column":5}},"16":{"start":{"line":124,"column":4},"end":{"line":124,"column":54}},"17":{"start":{"line":136,"column":4},"end":{"line":136,"column":23}},"18":{"start":{"line":138,"column":60},"end":{"line":138,"column":76}},"19":{"start":{"line":140,"column":2},"end":{"line":140,"column":61}},"20":{"start":{"line":141,"column":2},"end":{"line":141,"column":67}},"21":{"start":{"line":142,"column":2},"end":{"line":142,"column":65}},"22":{"start":{"line":143,"column":2},"end":{"line":143,"column":63}},"23":{"start":{"line":144,"column":2},"end":{"line":144,"column":59}},"24":{"start":{"line":148,"column":0},"end":{"line":148,"column":40}},"25":{"start":{"line":149,"column":0},"end":{"line":149,"column":37}},"26":{"start":{"line":150,"column":0},"end":{"line":150,"column":39}},"27":{"start":{"line":153,"column":0},"end":{"line":153,"column":54}},"28":{"start":{"line":154,"column":0},"end":{"line":154,"column":52}},"29":{"start":{"line":155,"column":0},"end":{"line":155,"column":50}},"30":{"start":{"line":156,"column":0},"end":{"line":159,"column":2}},"31":{"start":{"line":160,"column":0},"end":{"line":169,"column":2}},"32":{"start":{"line":177,"column":0},"end":{"line":182,"column":2}},"33":{"start":{"line":189,"column":0},"end":{"line":194,"column":2}},"34":{"start":{"line":201,"column":0},"end":{"line":204,"column":2}}},"fnMap":{"0":{"name":"addAddressesToQuestTypeRev","decl":{"start":{"line":122,"column":9},"end":{"line":122,"column":35}},"loc":{"start":{"line":122,"column":70},"end":{"line":126,"column":1}},"line":122},"1":{"name":"(anonymous_1)","decl":{"start":{"line":123,"column":27},"end":{"line":123,"column":28}},"loc":{"start":{"line":123,"column":40},"end":{"line":125,"column":3}},"line":123},"2":{"name":"populateQuestTypesRev","decl":{"start":{"line":134,"column":9},"end":{"line":134,"column":30}},"loc":{"start":{"line":134,"column":49},"end":{"line":145,"column":1}},"line":134}},"branchMap":{},"s":{"0":13,"1":13,"2":13,"3":13,"4":13,"5":13,"6":13,"7":13,"8":13,"9":13,"10":13,"11":13,"12":13,"13":13,"14":13,"15":195,"16":806,"17":39,"18":39,"19":39,"20":39,"21":39,"22":39,"23":39,"24":13,"25":13,"26":13,"27":13,"28":13,"29":13,"30":13,"31":13,"32":13,"33":13,"34":13},"f":{"0":195,"1":806,"2":39},"b":{},"_coverageSchema":"1a1c01bbd47fc00a2c39e90264f33305004495a9","hash":"f84af34c0ac570df57c8d9ec1b6c1c450963f3a7"}
,"/Users/thanpolas/Projects/defi/degenking/src/constants/ranking.const.js": {"path":"/Users/thanpolas/Projects/defi/degenking/src/constants/ranking.const.js","statementMap":{"0":{"start":{"line":6,"column":0},"end":{"line":11,"column":2}},"1":{"start":{"line":12,"column":0},"end":{"line":17,"column":2}},"2":{"start":{"line":18,"column":0},"end":{"line":23,"column":2}},"3":{"start":{"line":26,"column":0},"end":{"line":207,"column":2}},"4":{"start":{"line":210,"column":0},"end":{"line":215,"column":2}},"5":{"start":{"line":218,"column":0},"end":{"line":227,"column":2}},"6":{"start":{"line":230,"column":0},"end":{"line":236,"column":2}}},"fnMap":{},"branchMap":{},"s":{"0":13,"1":13,"2":13,"3":13,"4":13,"5":13,"6":13},"f":{},"b":{},"_coverageSchema":"1a1c01bbd47fc00a2c39e90264f33305004495a9","hash":"9c2eac8633091530085a07043b6d81118ce63950"}
,"/Users/thanpolas/Projects/defi/degenking/src/constants/runes.const.js": {"path":"/Users/thanpolas/Projects/defi/degenking/src/constants/runes.const.js","statementMap":{"0":{"start":{"line":5,"column":31},"end":{"line":5,"column":61}},"1":{"start":{"line":7,"column":23},"end":{"line":7,"column":47}},"2":{"start":{"line":9,"column":17},"end":{"line":9,"column":44}},"3":{"start":{"line":16,"column":0},"end":{"line":18,"column":2}},"4":{"start":{"line":17,"column":12},"end":{"line":17,"column":41}},"5":{"start":{"line":20,"column":0},"end":{"line":20,"column":73}}},"fnMap":{"0":{"name":"(anonymous_0)","decl":{"start":{"line":17,"column":2},"end":{"line":17,"column":3}},"loc":{"start":{"line":17,"column":12},"end":{"line":17,"column":41}},"line":17}},"branchMap":{},"s":{"0":13,"1":13,"2":13,"3":13,"4":1742,"5":13},"f":{"0":1742},"b":{},"_coverageSchema":"1a1c01bbd47fc00a2c39e90264f33305004495a9","hash":"20e085d96f018a3f721762dabebd251b6b77d3b0"}
,"/Users/thanpolas/Projects/defi/degenking/src/constants/topics.const.js": {"path":"/Users/thanpolas/Projects/defi/degenking/src/constants/topics.const.js","statementMap":{"0":{"start":{"line":5,"column":0},"end":{"line":6,"column":71}},"1":{"start":{"line":7,"column":0},"end":{"line":8,"column":71}},"2":{"start":{"line":9,"column":0},"end":{"line":10,"column":71}},"3":{"start":{"line":11,"column":0},"end":{"line":12,"column":71}},"4":{"start":{"line":13,"column":0},"end":{"line":14,"column":71}},"5":{"start":{"line":15,"column":0},"end":{"line":16,"column":71}},"6":{"start":{"line":17,"column":0},"end":{"line":18,"column":71}},"7":{"start":{"line":19,"column":0},"end":{"line":20,"column":71}},"8":{"start":{"line":21,"column":0},"end":{"line":22,"column":71}},"9":{"start":{"line":23,"column":0},"end":{"line":24,"column":71}},"10":{"start":{"line":25,"column":0},"end":{"line":26,"column":71}},"11":{"start":{"line":27,"column":0},"end":{"line":28,"column":71}},"12":{"start":{"line":29,"column":0},"end":{"line":30,"column":71}},"13":{"start":{"line":31,"column":0},"end":{"line":32,"column":71}},"14":{"start":{"line":33,"column":0},"end":{"line":34,"column":71}},"15":{"start":{"line":37,"column":15},"end":{"line":37,"column":35}},"16":{"start":{"line":38,"column":0},"end":{"line":38,"column":24}},"17":{"start":{"line":40,"column":0},"end":{"line":44,"column":3}},"18":{"start":{"line":41,"column":21},"end":{"line":41,"column":39}},"19":{"start":{"line":43,"column":2},"end":{"line":43,"column":45}}},"fnMap":{"0":{"name":"(anonymous_0)","decl":{"start":{"line":40,"column":15},"end":{"line":40,"column":16}},"loc":{"start":{"line":40,"column":30},"end":{"line":44,"column":1}},"line":40}},"branchMap":{},"s":{"0":13,"1":13,"2":13,"3":13,"4":13,"5":13,"6":13,"7":13,"8":13,"9":13,"10":13,"11":13,"12":13,"13":13,"14":13,"15":13,"16":13,"17":13,"18":195,"19":195},"f":{"0":195},"b":{},"_coverageSchema":"1a1c01bbd47fc00a2c39e90264f33305004495a9","hash":"c687d4a9bff5d3c59a83bb0824cb7a95a2360ff9"}
,"/Users/thanpolas/Projects/defi/degenking/src/consumable/consumable-balance.ent.js": {"path":"/Users/thanpolas/Projects/defi/degenking/src/consumable/consumable-balance.ent.js","statementMap":{"0":{"start":{"line":5,"column":25},"end":{"line":5,"column":59}},"1":{"start":{"line":6,"column":19},"end":{"line":6,"column":36}},"2":{"start":{"line":8,"column":17},"end":{"line":8,"column":57}},"3":{"start":{"line":9,"column":32},"end":{"line":9,"column":71}},"4":{"start":{"line":10,"column":24},"end":{"line":10,"column":43}},"5":{"start":{"line":11,"column":28},"end":{"line":11,"column":61}},"6":{"start":{"line":13,"column":12},"end":{"line":13,"column":49}},"7":{"start":{"line":24,"column":0},"end":{"line":55,"column":2}},"8":{"start":{"line":30,"column":21},"end":{"line":30,"column":47}},"9":{"start":{"line":31,"column":23},"end":{"line":31,"column":33}},"10":{"start":{"line":32,"column":2},"end":{"line":54,"column":3}},"11":{"start":{"line":33,"column":21},"end":{"line":33,"column":79}},"12":{"start":{"line":35,"column":20},"end":{"line":35,"column":53}},"13":{"start":{"line":37,"column":18},"end":{"line":41,"column":5}},"14":{"start":{"line":43,"column":4},"end":{"line":43,"column":17}},"15":{"start":{"line":45,"column":4},"end":{"line":53,"column":7}}},"fnMap":{"0":{"name":"(anonymous_0)","decl":{"start":{"line":24,"column":28},"end":{"line":24,"column":29}},"loc":{"start":{"line":29,"column":5},"end":{"line":55,"column":1}},"line":29}},"branchMap":{"0":{"loc":{"start":{"line":28,"column":2},"end":{"line":28,"column":13}},"type":"default-arg","locations":[{"start":{"line":28,"column":12},"end":{"line":28,"column":13}}],"line":28}},"s":{"0":13,"1":13,"2":13,"3":13,"4":13,"5":13,"6":13,"7":13,"8":1,"9":1,"10":1,"11":1,"12":1,"13":1,"14":1,"15":0},"f":{"0":1},"b":{"0":[1]},"_coverageSchema":"1a1c01bbd47fc00a2c39e90264f33305004495a9","hash":"61bcbffa4a508f3f5687c3ecbdd39c910e05cf42"}
,"/Users/thanpolas/Projects/defi/degenking/src/consumable/consume-potion.ent.js": {"path":"/Users/thanpolas/Projects/defi/degenking/src/consumable/consume-potion.ent.js","statementMap":{"0":{"start":{"line":5,"column":18},"end":{"line":5,"column":48}},"1":{"start":{"line":11,"column":4},"end":{"line":11,"column":23}},"2":{"start":{"line":12,"column":27},"end":{"line":12,"column":50}},"3":{"start":{"line":16,"column":4},"end":{"line":16,"column":55}},"4":{"start":{"line":17,"column":28},"end":{"line":17,"column":61}},"5":{"start":{"line":19,"column":12},"end":{"line":19,"column":49}},"6":{"start":{"line":33,"column":0},"end":{"line":80,"column":2}},"7":{"start":{"line":41,"column":20},"end":{"line":41,"column":55}},"8":{"start":{"line":42,"column":2},"end":{"line":79,"column":3}},"9":{"start":{"line":43,"column":31},"end":{"line":43,"column":63}},"10":{"start":{"line":45,"column":19},"end":{"line":45,"column":21}},"11":{"start":{"line":46,"column":4},"end":{"line":48,"column":5}},"12":{"start":{"line":47,"column":6},"end":{"line":47,"column":36}},"13":{"start":{"line":50,"column":15},"end":{"line":50,"column":78}},"14":{"start":{"line":52,"column":20},"end":{"line":52,"column":49}},"15":{"start":{"line":53,"column":4},"end":{"line":55,"column":5}},"16":{"start":{"line":54,"column":6},"end":{"line":54,"column":13}},"17":{"start":{"line":57,"column":27},"end":{"line":59,"column":5}},"18":{"start":{"line":58,"column":13},"end":{"line":58,"column":39}},"19":{"start":{"line":61,"column":21},"end":{"line":61,"column":77}},"20":{"start":{"line":62,"column":4},"end":{"line":62,"column":20}},"21":{"start":{"line":64,"column":4},"end":{"line":78,"column":7}},"22":{"start":{"line":92,"column":0},"end":{"line":113,"column":2}},"23":{"start":{"line":93,"column":2},"end":{"line":112,"column":3}},"24":{"start":{"line":94,"column":20},"end":{"line":94,"column":35}},"25":{"start":{"line":95,"column":4},"end":{"line":95,"column":19}},"26":{"start":{"line":97,"column":4},"end":{"line":97,"column":20}},"27":{"start":{"line":99,"column":4},"end":{"line":107,"column":5}},"28":{"start":{"line":100,"column":6},"end":{"line":105,"column":9}},"29":{"start":{"line":106,"column":6},"end":{"line":106,"column":13}},"30":{"start":{"line":109,"column":4},"end":{"line":109,"column":28}},"31":{"start":{"line":111,"column":4},"end":{"line":111,"column":47}},"32":{"start":{"line":123,"column":0},"end":{"line":152,"column":2}},"33":{"start":{"line":124,"column":53},"end":{"line":124,"column":70}},"34":{"start":{"line":126,"column":28},"end":{"line":131,"column":3}},"35":{"start":{"line":133,"column":28},"end":{"line":138,"column":3}},"36":{"start":{"line":140,"column":20},"end":{"line":140,"column":41}},"37":{"start":{"line":141,"column":24},"end":{"line":141,"column":42}},"38":{"start":{"line":142,"column":27},"end":{"line":149,"column":3}},"39":{"start":{"line":151,"column":2},"end":{"line":151,"column":26}}},"fnMap":{"0":{"name":"(anonymous_0)","decl":{"start":{"line":33,"column":24},"end":{"line":33,"column":25}},"loc":{"start":{"line":40,"column":5},"end":{"line":80,"column":1}},"line":40},"1":{"name":"(anonymous_1)","decl":{"start":{"line":58,"column":6},"end":{"line":58,"column":7}},"loc":{"start":{"line":58,"column":13},"end":{"line":58,"column":39}},"line":58},"2":{"name":"(anonymous_2)","decl":{"start":{"line":92,"column":22},"end":{"line":92,"column":23}},"loc":{"start":{"line":92,"column":52},"end":{"line":113,"column":1}},"line":92},"3":{"name":"(anonymous_3)","decl":{"start":{"line":123,"column":26},"end":{"line":123,"column":27}},"loc":{"start":{"line":123,"column":53},"end":{"line":152,"column":1}},"line":123}},"branchMap":{"0":{"loc":{"start":{"line":39,"column":2},"end":{"line":39,"column":13}},"type":"default-arg","locations":[{"start":{"line":39,"column":12},"end":{"line":39,"column":13}}],"line":39},"1":{"loc":{"start":{"line":46,"column":4},"end":{"line":48,"column":5}},"type":"if","locations":[{"start":{"line":46,"column":4},"end":{"line":48,"column":5}},{"start":{},"end":{}}],"line":46},"2":{"loc":{"start":{"line":53,"column":4},"end":{"line":55,"column":5}},"type":"if","locations":[{"start":{"line":53,"column":4},"end":{"line":55,"column":5}},{"start":{},"end":{}}],"line":53},"3":{"loc":{"start":{"line":92,"column":33},"end":{"line":92,"column":47}},"type":"default-arg","locations":[{"start":{"line":92,"column":46},"end":{"line":92,"column":47}}],"line":92},"4":{"loc":{"start":{"line":99,"column":4},"end":{"line":107,"column":5}},"type":"if","locations":[{"start":{"line":99,"column":4},"end":{"line":107,"column":5}},{"start":{},"end":{}}],"line":99}},"s":{"0":13,"1":13,"2":13,"3":13,"4":13,"5":13,"6":13,"7":0,"8":0,"9":0,"10":0,"11":0,"12":0,"13":0,"14":0,"15":0,"16":0,"17":0,"18":0,"19":0,"20":0,"21":0,"22":13,"23":0,"24":0,"25":0,"26":0,"27":0,"28":0,"29":0,"30":0,"31":0,"32":13,"33":1,"34":1,"35":1,"36":1,"37":1,"38":1,"39":1},"f":{"0":0,"1":0,"2":0,"3":1},"b":{"0":[0],"1":[0,0],"2":[0,0],"3":[0],"4":[0,0]},"_coverageSchema":"1a1c01bbd47fc00a2c39e90264f33305004495a9","hash":"f4f0cf5ffbdd06abb247b6e7b5800271f14c39e9"}
[...]
c":{"start":{"line":246,"column":2},"end":{"line":248,"column":3}},"type":"if","locations":[{"start":{"line":246,"column":2},"end":{"line":248,"column":3}},{"start":{},"end":{}}],"line":246},"11":{"loc":{"start":{"line":252,"column":2},"end":{"line":257,"column":3}},"type":"if","locations":[{"start":{"line":252,"column":2},"end":{"line":257,"column":3}},{"start":{"line":255,"column":9},"end":{"line":257,"column":3}}],"line":252},"12":{"loc":{"start":{"line":255,"column":9},"end":{"line":257,"column":3}},"type":"if","locations":[{"start":{"line":255,"column":9},"end":{"line":257,"column":3}},{"start":{},"end":{}}],"line":255},"13":{"loc":{"start":{"line":295,"column":2},"end":{"line":297,"column":3}},"type":"if","locations":[{"start":{"line":295,"column":2},"end":{"line":297,"column":3}},{"start":{},"end":{}}],"line":295},"14":{"loc":{"start":{"line":347,"column":2},"end":{"line":349,"column":3}},"type":"if","locations":[{"start":{"line":347,"column":2},"end":{"line":349,"column":3}},{"start":{},"end":{}}],"line":347}},"s":{"0":13,"1":13,"2":13,"3":13,"4":13,"5":13,"6":13,"7":13,"8":13,"9":13,"10":13,"11":13,"12":13,"13":0,"14":0,"15":0,"16":0,"17":0,"18":0,"19":0,"20":13,"21":0,"22":0,"23":0,"24":0,"25":0,"26":0,"27":0,"28":13,"29":0,"30":0,"31":0,"32":0,"33":0,"34":0,"35":0,"36":0,"37":13,"38":0,"39":0,"40":0,"41":0,"42":0,"43":0,"44":0,"45":0,"46":0,"47":0,"48":0,"49":0,"50":0,"51":0,"52":0,"53":0,"54":0,"55":0,"56":13,"57":0,"58":0,"59":0,"60":0,"61":13,"62":0,"63":0,"64":0,"65":13,"66":0,"67":0,"68":0,"69":0,"70":0,"71":0,"72":0,"73":0,"74":0,"75":0,"76":0,"77":0,"78":0,"79":0,"80":0,"81":0,"82":0,"83":0,"84":0,"85":0,"86":13,"87":0,"88":0,"89":0,"90":0,"91":0,"92":0,"93":0,"94":0,"95":13,"96":0,"97":0,"98":0,"99":0,"100":0,"101":0,"102":0,"103":0,"104":0,"105":0,"106":0,"107":0,"108":0,"109":0,"110":0},"f":{"0":0,"1":0,"2":0,"3":0,"4":0,"5":0,"6":0,"7":0,"8":0,"9":0,"10":0,"11":0,"12":0},"b":{"0":[0,0],"1":[0,0],"2":[0,0],"3":[0,0],"4":[0,0],"5":[0,0],"6":[0,0],"7":[0,0],"8":[0,0],"9":[0,0],"10":[0,0],"11":[0,0],"12":[0,0],"13":[0,0],"14":[0,0]},"_coverageSchema":"1a1c01bbd47fc00a2c39e90264f33305004495a9","hash":"e13c29467e0e01e37e4257f735a595918c23fafe"}
,"/Users/thanpolas/Projects/defi/degenking/src/quests/quest-utils.ent.js": {"path":"/Users/thanpolas/Projects/defi/degenking/src/quests/quest-utils.ent.js","statementMap":{"0":{"start":{"line":11,"column":4},"end":{"line":11,"column":40}},"1":{"start":{"line":12,"column":21},"end":{"line":12,"column":50}},"2":{"start":{"line":20,"column":0},"end":{"line":27,"column":2}},"3":{"start":{"line":21,"column":19},"end":{"line":21,"column":58}},"4":{"start":{"line":22,"column":2},"end":{"line":24,"column":3}},"5":{"start":{"line":23,"column":4},"end":{"line":23,"column":27}},"6":{"start":{"line":26,"column":2},"end":{"line":26,"column":18}},"7":{"start":{"line":35,"column":0},"end":{"line":42,"column":2}},"8":{"start":{"line":36,"column":19},"end":{"line":36,"column":61}},"9":{"start":{"line":37,"column":2},"end":{"line":39,"column":3}},"10":{"start":{"line":38,"column":4},"end":{"line":38,"column":24}},"11":{"start":{"line":41,"column":2},"end":{"line":41,"column":18}},"12":{"start":{"line":52,"column":0},"end":{"line":57,"column":2}},"13":{"start":{"line":53,"column":21},"end":{"line":53,"column":38}},"14":{"start":{"line":54,"column":15},"end":{"line":54,"column":54}},"15":{"start":{"line":56,"column":2},"end":{"line":56,"column":14}},"16":{"start":{"line":66,"column":0},"end":{"line":70,"column":2}},"17":{"start":{"line":67,"column":17},"end":{"line":67,"column":53}},"18":{"start":{"line":69,"column":2},"end":{"line":69,"column":16}},"19":{"start":{"line":78,"column":0},"end":{"line":85,"column":2}},"20":{"start":{"line":79,"column":16},"end":{"line":79,"column":66}},"21":{"start":{"line":80,"column":2},"end":{"line":82,"column":3}},"22":{"start":{"line":81,"column":4},"end":{"line":81,"column":16}},"23":{"start":{"line":84,"column":2},"end":{"line":84,"column":15}},"24":{"start":{"line":93,"column":0},"end":{"line":95,"column":2}},"25":{"start":{"line":94,"column":2},"end":{"line":94,"column":69}}},"fnMap":{"0":{"name":"(anonymous_0)","decl":{"start":{"line":20,"column":23},"end":{"line":20,"column":24}},"loc":{"start":{"line":20,"column":44},"end":{"line":27,"column":1}},"line":20},"1":{"name":"(anonymous_1)","decl":{"start":{"line":35,"column":29},"end":{"line":35,"column":30}},"loc":{"start":{"line":35,"column":47},"end":{"line":42,"column":1}},"line":35},"2":{"name":"(anonymous_2)","decl":{"start":{"line":52,"column":24},"end":{"line":52,"column":25}},"loc":{"start":{"line":52,"column":48},"end":{"line":57,"column":1}},"line":52},"3":{"name":"(anonymous_3)","decl":{"start":{"line":66,"column":26},"end":{"line":66,"column":27}},"loc":{"start":{"line":66,"column":41},"end":{"line":70,"column":1}},"line":66},"4":{"name":"(anonymous_4)","decl":{"start":{"line":78,"column":21},"end":{"line":78,"column":22}},"loc":{"start":{"line":78,"column":39},"end":{"line":85,"column":1}},"line":78},"5":{"name":"(anonymous_5)","decl":{"start":{"line":93,"column":26},"end":{"line":93,"column":27}},"loc":{"start":{"line":93,"column":44},"end":{"line":95,"column":1}},"line":93}},"branchMap":{"0":{"loc":{"start":{"line":22,"column":2},"end":{"line":24,"column":3}},"type":"if","locations":[{"start":{"line":22,"column":2},"end":{"line":24,"column":3}},{"start":{},"end":{}}],"line":22},"1":{"loc":{"start":{"line":37,"column":2},"end":{"line":39,"column":3}},"type":"if","locations":[{"start":{"line":37,"column":2},"end":{"line":39,"column":3}},{"start":{},"end":{}}],"line":37},"2":{"loc":{"start":{"line":80,"column":2},"end":{"line":82,"column":3}},"type":"if","locations":[{"start":{"line":80,"column":2},"end":{"line":82,"column":3}},{"start":{},"end":{}}],"line":80}},"s":{"0":13,"1":13,"2":13,"3":0,"4":0,"5":0,"6":0,"7":13,"8":0,"9":0,"10":0,"11":0,"12":13,"13":0,"14":0,"15":0,"16":13,"17":0,"18":0,"19":13,"20":0,"21":0,"22":0,"23":0,"24":13,"25":0},"f":{"0":0,"1":0,"2":0,"3":0,"4":0,"5":0},"b":{"0":[0,0],"1":[0,0],"2":[0,0]},"_coverageSchema":"1a1c01bbd47fc00a2c39e90264f33305004495a9","hash":"b478dd0f3921cfcd4577cd6d6c82ed30a339c453"}
,"/Users/thanpolas/Projects/defi/degenking/src/tokens/fetch-locked-tokens-blockchain.ent.js": {"path":"/Users/thanpolas/Projects/defi/degenking/src/tokens/fetch-locked-tokens-blockchain.ent.js","statementMap":{"0":{"start":{"line":6,"column":24},"end":{"line":6,"column":58}},"1":{"start":{"line":8,"column":27},"end":{"line":8,"column":66}},"2":{"start":{"line":9,"column":46},"end":{"line":9,"column":65}},"3":{"start":{"line":10,"column":28},"end":{"line":10,"column":61}},"4":{"start":{"line":12,"column":12},"end":{"line":12,"column":49}},"5":{"start":{"line":24,"column":0},"end":{"line":50,"column":2}},"6":{"start":{"line":29,"column":21},"end":{"line":29,"column":47}},"7":{"start":{"line":30,"column":2},"end":{"line":49,"column":3}},"8":{"start":{"line":31,"column":30},"end":{"line":31,"column":68}},"9":{"start":{"line":33,"column":33},"end":{"line":33,"column":77}},"10":{"start":{"line":35,"column":38},"end":{"line":37,"column":5}},"11":{"start":{"line":39,"column":4},"end":{"line":39,"column":37}},"12":{"start":{"line":41,"column":4},"end":{"line":48,"column":7}}},"fnMap":{"0":{"name":"(anonymous_0)","decl":{"start":{"line":24,"column":40},"end":{"line":24,"column":41}},"loc":{"start":{"line":28,"column":5},"end":{"line":50,"column":1}},"line":28}},"branchMap":{"0":{"loc":{"start":{"line":27,"column":2},"end":{"line":27,"column":13}},"type":"default-arg","locations":[{"start":{"line":27,"column":12},"end":{"line":27,"column":13}}],"line":27}},"s":{"0":13,"1":13,"2":13,"3":13,"4":13,"5":13,"6":1,"7":1,"8":1,"9":1,"10":1,"11":1,"12":0},"f":{"0":1},"b":{"0":[1]},"_coverageSchema":"1a1c01bbd47fc00a2c39e90264f33305004495a9","hash":"3c709477aeb8c17783d98fc820363d53e30b794e"}
,"/Users/thanpolas/Projects/defi/degenking/src/utils/error-handler.js": {"path":"/Users/thanpolas/Projects/defi/degenking/src/utils/error-handler.js","statementMap":{"0":{"start":{"line":5,"column":23},"end":{"line":5,"column":53}},"1":{"start":{"line":27,"column":0},"end":{"line":93,"column":2}},"2":{"start":{"line":28,"column":20},"end":{"line":28,"column":26}},"3":{"start":{"line":39,"column":6},"end":{"line":39,"column":12}},"4":{"start":{"line":41,"column":2},"end":{"line":41,"column":15}},"5":{"start":{"line":43,"column":21},"end":{"line":43,"column":41}},"6":{"start":{"line":45,"column":26},"end":{"line":45,"column":51}},"7":{"start":{"line":47,"column":24},"end":{"line":47,"column":42}},"8":{"start":{"line":48,"column":20},"end":{"line":48,"column":25}},"9":{"start":{"line":49,"column":2},"end":{"line":52,"column":3}},"10":{"start":{"line":50,"column":4},"end":{"line":50,"column":23}},"11":{"start":{"line":51,"column":4},"end":{"line":51,"column":62}},"12":{"start":{"line":55,"column":2},"end":{"line":75,"column":3}},"13":{"start":{"line":56,"column":23},"end":{"line":58,"column":5}},"14":{"start":{"line":60,"column":4},"end":{"line":62,"column":5}},"15":{"start":{"line":61,"column":6},"end":{"line":61,"column":28}},"16":{"start":{"line":64,"column":4},"end":{"line":69,"column":5}},"17":{"start":{"line":65,"column":6},"end":{"line":68,"column":8}},"18":{"start":{"line":71,"column":4},"end":{"line":73,"column":5}},"19":{"start":{"line":72,"column":6},"end":{"line":72,"column":24}},"20":{"start":{"line":74,"column":4},"end":{"line":74,"column":13}},"21":{"start":{"line":78,"column":2},"end":{"line":87,"column":3}},"22":{"start":{"line":79,"column":23},"end":{"line":79,"column":25}},"23":{"start":{"line":80,"column":4},"end":{"line":82,"column":5}},"24":{"start":{"line":81,"column":6},"end":{"line":81,"column":28}},"25":{"start":{"line":83,"column":4},"end":{"line":86,"column":6}},"26":{"start":{"line":89,"column":2},"end":{"line":89,"column":32}},"27":{"start":{"line":91,"column":2},"end":{"line":91,"column":31}},"28":{"start":{"line":92,"column":2},"end":{"line":92,"column":42}},"29":{"start":{"line":102,"column":0},"end":{"line":134,"column":2}},"30":{"start":{"line":103,"column":15},"end":{"line":103,"column":70}},"31":{"start":{"line":104,"column":2},"end":{"line":110,"column":3}},"32":{"start":{"line":105,"column":4},"end":{"line":109,"column":19}},"33":{"start":{"line":106,"column":25},"end":{"line":106,"column":41}},"34":{"start":{"line":107,"column":6},"end":{"line":107,"column":38}},"35":{"start":{"line":113,"column":2},"end":{"line":133,"column":3}},"36":{"start":{"line":114,"column":22},"end":{"line":114,"column":47}},"37":{"start":{"line":115,"column":4},"end":{"line":117,"column":5}},"38":{"start":{"line":116,"column":6},"end":{"line":116,"column":52}},"39":{"start":{"line":119,"column":4},"end":{"line":121,"column":5}},"40":{"start":{"line":120,"column":6},"end":{"line":120,"column":48}},"41":{"start":{"line":123,"column":4},"end":{"line":125,"column":5}},"42":{"start":{"line":124,"column":6},"end":{"line":124,"column":60}},"43":{"start":{"line":127,"column":4},"end":{"line":129,"column":5}},"44":{"start":{"line":128,"column":6},"end":{"line":128,"column":52}},"45":{"start":{"line":131,"column":25},"end":{"line":131,"column":46}},"46":{"start":{"line":132,"column":4},"end":{"line":132,"column":24}}},"fnMap":{"0":{"name":"(anonymous_0)","decl":{"start":{"line":27,"column":26},"end":{"line":27,"column":27}},"loc":{"start":{"line":27,"column":49},"end":{"line":93,"column":1}},"line":27},"1":{"name":"(anonymous_1)","decl":{"start":{"line":102,"column":24},"end":{"line":102,"column":25}},"loc":{"start":{"line":102,"column":39},"end":{"line":134,"column":1}},"line":102}},"branchMap":{"0":{"loc":{"start":{"line":43,"column":21},"end":{"line":43,"column":41}},"type":"binary-expr","locations":[{"start":{"line":43,"column":21},"end":{"line":43,"column":36}},{"start":{"line":43,"column":40},"end":{"line":43,"column":41}}],"line":43},"1":{"loc":{"start":{"line":47,"column":24},"end":{"line":47,"column":42}},"type":"binary-expr","locations":[{"start":{"line":47,"column":24},"end":{"line":47,"column":36}},{"start":{"line":47,"column":40},"end":{"line":47,"column":42}}],"line":47},"2":{"loc":{"start":{"line":49,"column":2},"end":{"line":52,"column":3}},"type":"if","locations":[{"start":{"line":49,"column":2},"end":{"line":52,"column":3}},{"start":{},"end":{}}],"line":49},"3":{"loc":{"start":{"line":49,"column":6},"end":{"line":49,"column":40}},"type":"binary-expr","locations":[{"start":{"line":49,"column":6},"end":{"line":49,"column":21}},{"start":{"line":49,"column":25},"end":{"line":49,"column":40}}],"line":49},"4":{"loc":{"start":{"line":55,"column":2},"end":{"line":75,"column":3}},"type":"if","locations":[{"start":{"line":55,"column":2},"end":{"line":75,"column":3}},{"start":{},"end":{}}],"line":55},"5":{"loc":{"start":{"line":60,"column":4},"end":{"line":62,"column":5}},"type":"if","locations":[{"start":{"line":60,"column":4},"end":{"line":62,"column":5}},{"start":{},"end":{}}],"line":60},"6":{"loc":{"start":{"line":64,"column":4},"end":{"line":69,"column":5}},"type":"if","locations":[{"start":{"line":64,"column":4},"end":{"line":69,"column":5}},{"start":{},"end":{}}],"line":64},"7":{"loc":{"start":{"line":71,"column":4},"end":{"line":73,"column":5}},"type":"if","locations":[{"start":{"line":71,"column":4},"end":{"line":73,"column":5}},{"start":{},"end":{}}],"line":71},"8":{"loc":{"start":{"line":78,"column":2},"end":{"line":87,"column":3}},"type":"if","locations":[{"start":{"line":78,"column":2},"end":{"line":87,"column":3}},{"start":{},"end":{}}],"line":78},"9":{"loc":{"start":{"line":78,"column":6},"end":{"line":78,"column":35}},"type":"binary-expr","locations":[{"start":{"line":78,"column":6},"end":{"line":78,"column":21}},{"start":{"line":78,"column":25},"end":{"line":78,"column":35}}],"line":78},"10":{"loc":{"start":{"line":80,"column":4},"end":{"line":82,"column":5}},"type":"if","locations":[{"start":{"line":80,"column":4},"end":{"line":82,"column":5}},{"start":{},"end":{}}],"line":80},"11":{"loc":{"start":{"line":103,"column":15},"end":{"line":103,"column":70}},"type":"binary-expr","locations":[{"start":{"line":103,"column":15},"end":{"line":103,"column":44}},{"start":{"line":103,"column":48},"end":{"line":103,"column":70}}],"line":103},"12":{"loc":{"start":{"line":104,"column":2},"end":{"line":110,"column":3}},"type":"if","locations":[{"start":{"line":104,"column":2},"end":{"line":110,"column":3}},{"start":{},"end":{}}],"line":104},"13":{"loc":{"start":{"line":113,"column":2},"end":{"line":133,"column":3}},"type":"if","locations":[{"start":{"line":113,"column":2},"end":{"line":133,"column":3}},{"start":{},"end":{}}],"line":113},"14":{"loc":{"start":{"line":115,"column":4},"end":{"line":117,"column":5}},"type":"if","locations":[{"start":{"line":115,"column":4},"end":{"line":117,"column":5}},{"start":{},"end":{}}],"line":115},"15":{"loc":{"start":{"line":119,"column":4},"end":{"line":121,"column":5}},"type":"if","locations":[{"start":{"line":119,"column":4},"end":{"line":121,"column":5}},{"start":{},"end":{}}],"line":119},"16":{"loc":{"start":{"line":123,"column":4},"end":{"line":125,"column":5}},"type":"if","locations":[{"start":{"line":123,"column":4},"end":{"line":125,"column":5}},{"start":{},"end":{}}],"line":123},"17":{"loc":{"start":{"line":127,"column":4},"end":{"line":129,"column":5}},"type":"if","locations":[{"start":{"line":127,"column":4},"end":{"line":129,"column":5}},{"start":{},"end":{}}],"line":127}},"s":{"0":13,"1":13,"2":0,"3":0,"4":0,"5":0,"6":0,"7":0,"8":0,"9":0,"10":0,"11":0,"12":0,"13":0,"14":0,"15":0,"16":0,"17":0,"18":0,"19":0,"20":0,"21":0,"22":0,"23":0,"24":0,"25":0,"26":0,"27":0,"28":0,"29":13,"30":0,"31":0,"32":0,"33":0,"34":0,"35":0,"36":0,"37":0,"38":0,"39":0,"40":0,"41":0,"42":0,"43":0,"44":0,"45":0,"46":0},"f":{"0":0,"1":0},"b":{"0":[0,0],"1":[0,0],"2":[0,0],"3":[0,0],"4":[0,0],"5":[0,0],"6":[0,0],"7":[0,0],"8":[0,0],"9":[0,0],"10":[0,0],"11":[0,0],"12":[0,0],"13":[0,0],"14":[0,0],"15":[0,0],"16":[0,0],"17":[0,0]},"_coverageSchema":"1a1c01bbd47fc00a2c39e90264f33305004495a9","hash":"b2af33dbd9c70bca2493a30ace7839aa1bfbba85"}
,"/Users/thanpolas/Projects/defi/degenking/src/utils/log.service.js": {"path":"/Users/thanpolas/Projects/defi/degenking/src/utils/log.service.js","statementMap":{"0":{"start":{"line":6,"column":17},"end":{"line":6,"column":36}},"1":{"start":{"line":17,"column":0},"end":{"line":17,"column":24}},"2":{"start":{"line":30,"column":0},"end":{"line":51,"column":2}},"3":{"start":{"line":32,"column":2},"end":{"line":34,"column":3}},"4":{"start":{"line":33,"column":4},"end":{"line":33,"column":11}},"5":{"start":{"line":36,"column":22},"end":{"line":36,"column":30}},"6":{"start":{"line":38,"column":2},"end":{"line":47,"column":5}},"7":{"start":{"line":50,"column":2},"end":{"line":50,"column":60}}},"fnMap":{"0":{"name":"(anonymous_0)","decl":{"start":{"line":30,"column":15},"end":{"line":30,"column":16}},"loc":{"start":{"line":30,"column":40},"end":{"line":51,"column":1}},"line":30}},"branchMap":{"0":{"loc":{"start":{"line":30,"column":25},"end":{"line":30,"column":38}},"type":"default-arg","locations":[{"start":{"line":30,"column":36},"end":{"line":30,"column":38}}],"line":30},"1":{"loc":{"start":{"line":32,"column":2},"end":{"line":34,"column":3}},"type":"if","locations":[{"start":{"line":32,"column":2},"end":{"line":34,"column":3}},{"start":{},"end":{}}],"line":32},"2":{"loc":{"start":{"line":44,"column":14},"end":{"line":44,"column":56}},"type":"cond-expr","locations":[{"start":{"line":44,"column":39},"end":{"line":44,"column":46}},{"start":{"line":44,"column":49},"end":{"line":44,"column":56}}],"line":44}},"s":{"0":13,"1":13,"2":13,"3":13,"4":0,"5":13,"6":13,"7":13},"f":{"0":13},"b":{"0":[0],"1":[0,13],"2":[0,13]},"_coverageSchema":"1a1c01bbd47fc00a2c39e90264f33305004495a9","hash":"1569e39f15f4950f39e51eeffadeee7f0c50966d"}
,"/Users/thanpolas/Projects/defi/degenking/src/utils/network-helpers.js": {"path":"/Users/thanpolas/Projects/defi/degenking/src/utils/network-helpers.js","statementMap":{"0":{"start":{"line":9,"column":4},"end":{"line":9,"column":43}},"1":{"start":{"line":12,"column":0},"end":{"line":17,"column":2}},"2":{"start":{"line":25,"column":0},"end":{"line":27,"column":2}},"3":{"start":{"line":26,"column":2},"end":{"line":26,"column":34}},"4":{"start":{"line":35,"column":0},"end":{"line":37,"column":2}},"5":{"start":{"line":36,"column":2},"end":{"line":36,"column":40}},"6":{"start":{"line":45,"column":0},"end":{"line":57,"column":2}},"7":{"start":{"line":46,"column":2},"end":{"line":56,"column":3}},"8":{"start":{"line":48,"column":6},"end":{"line":48,"column":39}},"9":{"start":{"line":50,"column":6},"end":{"line":50,"column":41}},"10":{"start":{"line":52,"column":6},"end":{"line":52,"column":38}},"11":{"start":{"line":55,"column":6},"end":{"line":55,"column":21}}},"fnMap":{"0":{"name":"(anonymous_0)","decl":{"start":{"line":25,"column":27},"end":{"line":25,"column":28}},"loc":{"start":{"line":25,"column":40},"end":{"line":27,"column":1}},"line":25},"1":{"name":"(anonymous_1)","decl":{"start":{"line":35,"column":25},"end":{"line":35,"column":26}},"loc":{"start":{"line":35,"column":38},"end":{"line":37,"column":1}},"line":35},"2":{"name":"(anonymous_2)","decl":{"start":{"line":45,"column":27},"end":{"line":45,"column":28}},"loc":{"start":{"line":45,"column":40},"end":{"line":57,"column":1}},"line":45}},"branchMap":{"0":{"loc":{"start":{"line":46,"column":2},"end":{"line":56,"column":3}},"type":"switch","locations":[{"start":{"line":47,"column":4},"end":{"line":48,"column":39}},{"start":{"line":49,"column":4},"end":{"line":50,"column":41}},{"start":{"line":51,"column":4},"end":{"line":52,"column":38}},{"start":{"line":54,"column":4},"end":{"line":55,"column":21}}],"line":46}},"s":{"0":13,"1":13,"2":13,"3":2,"4":13,"5":2,"6":13,"7":0,"8":0,"9":0,"10":0,"11":0},"f":{"0":2,"1":2,"2":0},"b":{"0":[0,0,0,0]},"_coverageSchema":"1a1c01bbd47fc00a2c39e90264f33305004495a9","hash":"11ef54c64eb2ff29062b625556de9df3e61c5053"}
}
